#
# A fatal error has been detected by the Java Runtime Environment:
#
#  EXCEPTION_ACCESS_VIOLATION (0xc0000005) at pc=0x00007ffdd549b810, pid=14848, tid=11620
#
# JRE version: OpenJDK Runtime Environment Temurin-17.0.10+7 (17.0.10+7) (build 17.0.10+7)
# Java VM: OpenJDK 64-Bit Server VM Temurin-17.0.10+7 (17.0.10+7, mixed mode, tiered, compressed oops, compressed class ptrs, parallel gc, windows-amd64)
# Problematic frame:
# V  [jvm.dll+0x36b810]
#
# No core dump will be written. Minidumps are not enabled by default on client versions of Windows
#
# If you would like to submit a bug report, please visit:
#   https://github.com/adoptium/adoptium-support/issues
#

---------------  S U M M A R Y ------------

Command Line: --add-modules=ALL-SYSTEM --add-opens=java.base/java.util=ALL-UNNAMED --add-opens=java.base/java.lang=ALL-UNNAMED --add-opens=java.base/sun.nio.fs=ALL-UNNAMED -Declipse.application=org.eclipse.jdt.ls.core.id1 -Dosgi.bundles.defaultStartLevel=4 -Declipse.product=org.eclipse.jdt.ls.core.product -Djava.import.generatesMetadataFilesAtProjectRoot=false -DDetectVMInstallationsJob.disabled=true -Dfile.encoding=utf8 -XX:+UseParallelGC -XX:GCTimeRatio=4 -XX:AdaptiveSizePolicyWeight=90 -Dsun.zip.disableMemoryMapping=true -Xmx1G -Xms100m -Xlog:disable -javaagent:c:\Users\Jhonnatas Mendonça\.vscode\extensions\redhat.java-1.28.1-win32-x64\lombok\lombok-1.18.31.jar -XX:+HeapDumpOnOutOfMemoryError -XX:HeapDumpPath=c:\Users\Jhonnatas Mendonça\AppData\Roaming\Code\User\workspaceStorage\b526074c2b309d823fb9f48d67b97a61\redhat.java -Daether.dependencyCollector.impl=bf c:\Users\Jhonnatas Mendonça\.vscode\extensions\redhat.java-1.28.1-win32-x64\server\plugins\org.eclipse.equinox.launcher_1.6.700.v20231214-2017.jar -configuration c:\Users\Jhonnatas Mendonça\AppData\Roaming\Code\User\globalStorage\redhat.java\1.28.1\config_win -data c:\Users\Jhonnatas Mendonça\AppData\Roaming\Code\User\workspaceStorage\b526074c2b309d823fb9f48d67b97a61\redhat.java\jdt_ws --stdio

Host: Intel(R) Core(TM) i3-7020U CPU @ 2.30GHz, 4 cores, 7G,  Windows 11 , 64 bit Build 22621 (10.0.22621.3235)
Time: Wed Mar 13 07:34:00 2024 Hora oficial do Brasil elapsed time: 2381.079244 seconds (0d 0h 39m 41s)

---------------  T H R E A D  ---------------

Current thread (0x00000276b4cd1090):  JavaThread "C2 CompilerThread0" daemon [_thread_in_native, id=11620, stack(0x000000f4b5800000,0x000000f4b5900000)]


Current CompileTask:
C2:2381079 26383   !   4       org.eclipse.lsp4j.jsonrpc.json.adapters.MessageTypeAdapter::read (482 bytes)

Stack: [0x000000f4b5800000,0x000000f4b5900000],  sp=0x000000f4b58fbaf0,  free space=1006k
Native frames: (J=compiled Java code, j=interpreted, Vv=VM code, C=native code)
V  [jvm.dll+0x36b810]
V  [jvm.dll+0x364a18]
V  [jvm.dll+0x1bcfb8]
V  [jvm.dll+0x21a049]
V  [jvm.dll+0x219311]
V  [jvm.dll+0x1a502d]
V  [jvm.dll+0x2290de]
V  [jvm.dll+0x2272ac]
V  [jvm.dll+0x7e9bb7]
V  [jvm.dll+0x7e3fba]
V  [jvm.dll+0x67c1b5]
C  [ucrtbase.dll+0x29363]
C  [KERNEL32.DLL+0x1257d]
C  [ntdll.dll+0x5aa58]


siginfo: EXCEPTION_ACCESS_VIOLATION (0xc0000005), reading address 0x00007ffdd1cb3d88


Registers:
RAX=0x0000000000000000, RBX=0x000000f4b58fbb40, RCX=0x0000000000000000, RDX=0x00007ffdd1cb3d88
RSP=0x000000f4b58fbaf0, RBP=0x000000f4b58fbc60, RSI=0x00007ffdd5cb3d88, RDI=0x000000000000000c
R8 =0x0000000000000600, R9 =0x0000000000000004, R10=0x0000000000000003, R11=0x00000276bc17b120
R12=0x0000000000000001, R13=0x0000000000000000, R14=0x0000000000000dd1, R15=0x0000000000000dd1
RIP=0x00007ffdd549b810, EFLAGS=0x0000000000010246


Register to memory mapping:

RIP=0x00007ffdd549b810 jvm.dll
RAX=0x0 is NULL
RBX=0x000000f4b58fbb40 is pointing into the stack for thread: 0x00000276b4cd1090
RCX=0x0 is NULL
RDX=0x00007ffdd1cb3d88 is an unknown value
RSP=0x000000f4b58fbaf0 is pointing into the stack for thread: 0x00000276b4cd1090
RBP=0x000000f4b58fbc60 is pointing into the stack for thread: 0x00000276b4cd1090
RSI=0x00007ffdd5cb3d88 jvm.dll
RDI=0x000000000000000c is an unknown value
R8 =0x0000000000000600 is an unknown value
R9 =0x0000000000000004 is an unknown value
R10=0x0000000000000003 is an unknown value
R11=0x00000276bc17b120 points into unknown readable memory: 0x0000000000004000 | 00 40 00 00 00 00 00 00
R12=0x0000000000000001 is an unknown value
R13=0x0 is NULL
R14=0x0000000000000dd1 is an unknown value
R15=0x0000000000000dd1 is an unknown value


Top of Stack: (sp=0x000000f4b58fbaf0)
0x000000f4b58fbaf0:   00000000000026d4 00007ffdd549b964
0x000000f4b58fbb00:   00000276afb0f6a0 00000276bc0e2e00
0x000000f4b58fbb10:   0000000000000002 00007ffdd5494a18
0x000000f4b58fbb20:   0000000000000002 0000000000000007
0x000000f4b58fbb30:   00000000000026d5 00000000000026d5
0x000000f4b58fbb40:   0000000000000000 000000010000060e
0x000000f4b58fbb50:   0000002500000007 00007ffdd1cb3d88
0x000000f4b58fbb60:   00000276b92f9cd8 00000276baa8a2f0
0x000000f4b58fbb70:   00000000000003d8 00000276b981f3f0
0x000000f4b58fbb80:   00000276b981f3e0 00000276b981f7c8
0x000000f4b58fbb90:   000000f4b58fbca0 00007ffdd52ecfb8
0x000000f4b58fbba0:   000000f4b58fbff0 000000f4b58fc0d0
0x000000f4b58fbbb0:   0000000000000000 00000276b981f3e0
0x000000f4b58fbbc0:   000000f400000000 000000000000000d
0x000000f4b58fbbd0:   0000000000000006 00000276b981f3e0
0x000000f4b58fbbe0:   00000276bc46ee10 00000276bc475a80
0x000000f4b58fbbf0:   00000276bc476df8 00000000009743c8
0x000000f4b58fbc00:   0000000000000000 0000000000000000
0x000000f4b58fbc10:   0000000000000000 00000276c9ddd600
0x000000f4b58fbc20:   0000000000000000 00007ffdd5a60cf8
0x000000f4b58fbc30:   0000000000000000 000000f4b58fe940
0x000000f4b58fbc40:   0000000000000000 00007ffdd5a60cf8
0x000000f4b58fbc50:   0000027600000000 00000000000001cc
0x000000f4b58fbc60:   000002760000000c 000000f4b58fe940
0x000000f4b58fbc70:   00000276baa00050 00000000d5462801
0x000000f4b58fbc80:   00000276bbb71050 00000000000026d7
0x000000f4b58fbc90:   000000f4b58fbbd0 00000276b981f3f0
0x000000f4b58fbca0:   00007ffdd5a60cc8 000000000000000d
0x000000f4b58fbcb0:   000000f4b58fe940 000000f4b58fbff0
0x000000f4b58fbcc0:   0000000000002c4b 00000276afb0f6a0
0x000000f4b58fbcd0:   00007ffd0000000a 000000f4b58fe940
0x000000f4b58fbce0:   00000276bb9d4cf0 0000000000000000 

Instructions: (pc=0x00007ffdd549b810)
0x00007ffdd549b710:   48 8b a8 80 00 00 00 48 8b 8d d0 08 00 00 48 85
0x00007ffdd549b720:   c9 75 0c e8 e8 0b 00 00 48 8b 8d d0 08 00 00 48
0x00007ffdd549b730:   8b 01 0f 57 c0 48 89 85 d0 08 00 00 0f 11 01 0f
0x00007ffdd549b740:   11 41 10 41 0f 10 06 0f 11 01 41 0f 10 4e 10 0f
0x00007ffdd549b750:   11 49 10 48 8b 43 08 48 89 0c 06 ff c7 ba 50 00
0x00007ffdd549b760:   00 00 3b bb 90 00 00 00 0f 82 62 ff ff ff 4c 8b
0x00007ffdd549b770:   74 24 60 4c 8b 6c 24 58 4c 8b 64 24 50 48 8b c3
0x00007ffdd549b780:   48 83 c4 20 41 5f 5f 5e 5d 5b c3 cc cc cc cc cc
0x00007ffdd549b790:   40 53 48 83 ec 20 8b 51 0c 48 8b d9 83 fa 04 73
0x00007ffdd549b7a0:   2a 4c 8b 59 18 66 66 66 0f 1f 84 00 00 00 00 00
0x00007ffdd549b7b0:   44 8b d2 44 8d 4a 01 4b 83 3c d3 00 0f 85 8f 00
0x00007ffdd549b7c0:   00 00 41 8b d1 41 83 f9 04 72 e5 48 89 74 24 30
0x00007ffdd549b7d0:   48 89 7c 24 38 8b 79 10 3b 79 14 73 62 48 8d 35
0x00007ffdd549b7e0:   a4 85 81 00 0f 1f 40 00 0f 1f 84 00 00 00 00 00
0x00007ffdd549b7f0:   48 8b 43 20 8b cf 48 8b 14 c8 48 3b d6 74 39 33
0x00007ffdd549b800:   c0 48 89 53 18 33 c9 66 0f 1f 84 00 00 00 00 00
0x00007ffdd549b810:   48 83 3c 11 00 44 8d 48 01 75 6f 48 83 c1 08 41
0x00007ffdd549b820:   8b c1 41 83 f9 04 72 e8 48 8b 4b 28 48 85 c9 74
0x00007ffdd549b830:   07 8b d7 e8 58 01 00 00 ff c7 3b 7b 14 72 b1 48
0x00007ffdd549b840:   8b 74 24 30 33 c0 48 8b 7c 24 38 48 83 c4 20 5b
0x00007ffdd549b850:   c3 8b 41 10 44 8d 04 82 41 c1 e0 06 41 81 c0 00
0x00007ffdd549b860:   ff ff ff 44 89 41 08 4b 8b 14 d3 48 0f bc c2 44
0x00007ffdd549b870:   89 49 0c 8b c8 48 d3 ea 48 ff ca 41 03 c0 48 89
0x00007ffdd549b880:   13 89 43 08 48 83 c4 20 5b c3 48 8b 74 24 30 44
0x00007ffdd549b890:   8d 04 b8 8b c8 8d 47 01 48 8b 7c 24 38 41 c1 e0
0x00007ffdd549b8a0:   06 44 89 43 08 48 8b 14 ca 89 43 10 48 0f bc c2
0x00007ffdd549b8b0:   44 89 4b 0c 8b c8 48 d3 ea 48 ff ca 41 03 c0 48
0x00007ffdd549b8c0:   89 13 89 43 08 48 83 c4 20 5b c3 cc cc cc cc cc
0x00007ffdd549b8d0:   40 53 48 83 ec 20 65 48 8b 04 25 58 00 00 00 8b
0x00007ffdd549b8e0:   0d 13 76 85 00 48 8b 1c c8 b8 50 00 00 00 80 3c
0x00007ffdd549b8f0:   18 00 75 05 e8 cf 48 52 00 b8 20 00 00 00 48 8b
0x00007ffdd549b900:   04 18 48 8b 88 e0 04 00 00 48 8b 99 80 00 00 00 


Stack slot to memory mapping:
stack at sp + 0 slots: 0x00000000000026d4 is an unknown value
stack at sp + 1 slots: 0x00007ffdd549b964 jvm.dll
stack at sp + 2 slots: 0x00000276afb0f6a0 points into unknown readable memory: 0x0000000000000006 | 06 00 00 00 00 00 00 00
stack at sp + 3 slots: 0x00000276bc0e2e00 points into unknown readable memory: 0x0000000000000023 | 23 00 00 00 00 00 00 00
stack at sp + 4 slots: 0x0000000000000002 is an unknown value
stack at sp + 5 slots: 0x00007ffdd5494a18 jvm.dll
stack at sp + 6 slots: 0x0000000000000002 is an unknown value
stack at sp + 7 slots: 0x0000000000000007 is an unknown value


---------------  P R O C E S S  ---------------

Threads class SMR info:
_java_thread_list=0x00000276b9d4e7c0, length=37, elements={
0x0000027699d41f70, 0x00000276afaf6050, 0x00000276afaf78f0, 0x00000276afb3e010,
0x00000276afb3ea40, 0x00000276afb3f5d0, 0x00000276afb40000, 0x00000276b4cd1090,
0x00000276b4d1e430, 0x00000276b4d3e640, 0x0000027699da38c0, 0x00000276b50c7a90,
0x00000276b83f2b80, 0x00000276b809fef0, 0x00000276b8322ea0, 0x00000276b8322480,
0x00000276b7ecb2d0, 0x00000276b7ecb7e0, 0x00000276b7eccc20, 0x00000276b7ecadc0,
0x00000276b7ec7610, 0x00000276b7ec8f60, 0x00000276b7ece060, 0x00000276b7ec6bf0,
0x00000276b887cc20, 0x00000276b8881810, 0x00000276b887f9b0, 0x00000276b887e060,
0x00000276b88803d0, 0x00000276b9726a50, 0x00000276b9722880, 0x00000276b9725100,
0x00000276b9723cc0, 0x00000276b9727980, 0x00000276b9725610, 0x00000276b8883b80,
0x00000276b88845a0
}

Java Threads: ( => current thread )
  0x0000027699d41f70 JavaThread "main" [_thread_blocked, id=12240, stack(0x000000f4b4e00000,0x000000f4b4f00000)]
  0x00000276afaf6050 JavaThread "Reference Handler" daemon [_thread_blocked, id=15644, stack(0x000000f4b5200000,0x000000f4b5300000)]
  0x00000276afaf78f0 JavaThread "Finalizer" daemon [_thread_blocked, id=19292, stack(0x000000f4b5300000,0x000000f4b5400000)]
  0x00000276afb3e010 JavaThread "Signal Dispatcher" daemon [_thread_blocked, id=18572, stack(0x000000f4b5400000,0x000000f4b5500000)]
  0x00000276afb3ea40 JavaThread "Attach Listener" daemon [_thread_blocked, id=10208, stack(0x000000f4b5500000,0x000000f4b5600000)]
  0x00000276afb3f5d0 JavaThread "Service Thread" daemon [_thread_blocked, id=13036, stack(0x000000f4b5600000,0x000000f4b5700000)]
  0x00000276afb40000 JavaThread "Monitor Deflation Thread" daemon [_thread_blocked, id=16152, stack(0x000000f4b5700000,0x000000f4b5800000)]
=>0x00000276b4cd1090 JavaThread "C2 CompilerThread0" daemon [_thread_in_native, id=11620, stack(0x000000f4b5800000,0x000000f4b5900000)]
  0x00000276b4d1e430 JavaThread "C1 CompilerThread0" daemon [_thread_blocked, id=18544, stack(0x000000f4b5900000,0x000000f4b5a00000)]
  0x00000276b4d3e640 JavaThread "Sweeper thread" daemon [_thread_blocked, id=5068, stack(0x000000f4b5a00000,0x000000f4b5b00000)]
  0x0000027699da38c0 JavaThread "Common-Cleaner" daemon [_thread_blocked, id=16464, stack(0x000000f4b5b00000,0x000000f4b5c00000)]
  0x00000276b50c7a90 JavaThread "Notification Thread" daemon [_thread_blocked, id=6792, stack(0x000000f4b5c00000,0x000000f4b5d00000)]
  0x00000276b83f2b80 JavaThread "Active Thread: Equinox Container: e496e940-c6b4-42c2-b7dd-d139c57780b1" [_thread_blocked, id=8300, stack(0x000000f4b6500000,0x000000f4b6600000)]
  0x00000276b809fef0 JavaThread "Framework Event Dispatcher: Equinox Container: e496e940-c6b4-42c2-b7dd-d139c57780b1" daemon [_thread_blocked, id=15388, stack(0x000000f4b6600000,0x000000f4b6700000)]
  0x00000276b8322ea0 JavaThread "Start Level: Equinox Container: e496e940-c6b4-42c2-b7dd-d139c57780b1" daemon [_thread_blocked, id=7824, stack(0x000000f4b6700000,0x000000f4b6800000)]
  0x00000276b8322480 JavaThread "Refresh Thread: Equinox Container: e496e940-c6b4-42c2-b7dd-d139c57780b1" daemon [_thread_blocked, id=11084, stack(0x000000f4b6800000,0x000000f4b6900000)]
  0x00000276b7ecb2d0 JavaThread "Bundle File Closer" daemon [_thread_blocked, id=16060, stack(0x000000f4b6100000,0x000000f4b6200000)]
  0x00000276b7ecb7e0 JavaThread "SCR Component Actor" daemon [_thread_blocked, id=13152, stack(0x000000f4b6200000,0x000000f4b6300000)]
  0x00000276b7eccc20 JavaThread "Worker-JM" [_thread_blocked, id=7180, stack(0x000000f4b6400000,0x000000f4b6500000)]
  0x00000276b7ecadc0 JavaThread "Java indexing" daemon [_thread_blocked, id=7568, stack(0x000000f4b6e00000,0x000000f4b6f00000)]
  0x00000276b7ec7610 JavaThread "JNA Cleaner" daemon [_thread_blocked, id=14740, stack(0x000000f4b6f00000,0x000000f4b7000000)]
  0x00000276b7ec8f60 JavaThread "pool-2-thread-1" [_thread_blocked, id=13856, stack(0x000000f4b6b00000,0x000000f4b6c00000)]
  0x00000276b7ece060 JavaThread "WorkspaceEventsHandler" [_thread_blocked, id=8680, stack(0x000000f4b7000000,0x000000f4b7100000)]
  0x00000276b7ec6bf0 JavaThread "pool-1-thread-1" [_thread_in_native, id=9200, stack(0x000000f4b7100000,0x000000f4b7200000)]
  0x00000276b887cc20 JavaThread "Java Debug Server" daemon [_thread_in_native, id=18664, stack(0x000000f4b7200000,0x000000f4b7300000)]
  0x00000276b8881810 JavaThread "RxSchedulerPurge-1" daemon [_thread_blocked, id=2092, stack(0x000000f4b7400000,0x000000f4b7500000)]
  0x00000276b887f9b0 JavaThread "RxCachedWorkerPoolEvictor-1" daemon [_thread_blocked, id=18840, stack(0x000000f4b7500000,0x000000f4b7600000)]
  0x00000276b887e060 JavaThread "ForkJoinPool.commonPool-worker-10" daemon [_thread_blocked, id=10412, stack(0x000000f4b6300000,0x000000f4b6400000)]
  0x00000276b88803d0 JavaThread "ForkJoinPool.commonPool-worker-11" daemon [_thread_blocked, id=7800, stack(0x000000f4b7700000,0x000000f4b7800000)]
  0x00000276b9726a50 JavaThread "Worker-21" [_thread_blocked, id=11920, stack(0x000000f4b7900000,0x000000f4b7a00000)]
  0x00000276b9722880 JavaThread "ForkJoinPool.commonPool-worker-13" daemon [_thread_blocked, id=1436, stack(0x000000f4b4d00000,0x000000f4b4e00000)]
  0x00000276b9725100 JavaThread "ForkJoinPool.commonPool-worker-14" daemon [_thread_blocked, id=6412, stack(0x000000f4b4f00000,0x000000f4b5000000)]
  0x00000276b9723cc0 JavaThread "Worker-23" [_thread_blocked, id=17224, stack(0x000000f4b6900000,0x000000f4b6a00000)]
  0x00000276b9727980 JavaThread "Worker-24" [_thread_blocked, id=13084, stack(0x000000f4b6a00000,0x000000f4b6b00000)]
  0x00000276b9725610 JavaThread "Worker-25" [_thread_blocked, id=17828, stack(0x000000f4b6c00000,0x000000f4b6d00000)]
  0x00000276b8883b80 JavaThread "ForkJoinPool.commonPool-worker-15" daemon [_thread_blocked, id=6580, stack(0x000000f4b6d00000,0x000000f4b6e00000)]
  0x00000276b88845a0 JavaThread "ForkJoinPool.commonPool-worker-16" daemon [_thread_blocked, id=10664, stack(0x000000f4b7300000,0x000000f4b7400000)]

Other Threads:
  0x00000276afaea1f0 VMThread "VM Thread" [stack: 0x000000f4b5100000,0x000000f4b5200000] [id=18712]
  0x00000276b501a140 WatcherThread [stack: 0x000000f4b5d00000,0x000000f4b5e00000] [id=10164]
  0x0000027699d56d70 GCTaskThread "GC Thread#0" [stack: 0x000000f4b5000000,0x000000f4b5100000] [id=16816]
  0x00000276b502d520 GCTaskThread "GC Thread#1" [stack: 0x000000f4b5e00000,0x000000f4b5f00000] [id=4100]
  0x00000276b502d7e0 GCTaskThread "GC Thread#2" [stack: 0x000000f4b5f00000,0x000000f4b6000000] [id=12792]
  0x00000276b8217640 GCTaskThread "GC Thread#3" [stack: 0x000000f4b6000000,0x000000f4b6100000] [id=18208]

Threads with active compile tasks:
C2 CompilerThread0  2381244 26383   !   4       org.eclipse.lsp4j.jsonrpc.json.adapters.MessageTypeAdapter::read (482 bytes)

VM state: not at safepoint (normal execution)

VM Mutex/Monitor currently owned by a thread: None

Heap address: 0x00000000c0000000, size: 1024 MB, Compressed Oops mode: 32-bit

CDS archive(s) not mapped
Compressed class space mapped at: 0x0000000100000000-0x0000000140000000, reserved size: 1073741824
Narrow klass base: 0x0000000000000000, Narrow klass shift: 3, Narrow klass range: 0x140000000

GC Precious Log:
 CPUs: 4 total, 4 available
 Memory: 8067M
 Large Page Support: Disabled
 NUMA Support: Disabled
 Compressed Oops: Enabled (32-bit)
 Alignments: Space 512K, Generation 512K, Heap 2M
 Heap Min Capacity: 100M
 Heap Initial Capacity: 100M
 Heap Max Capacity: 1G
 Pre-touch: Disabled
 Parallel Workers: 4

Heap:
 PSYoungGen      total 4608K, used 1265K [0x00000000eab00000, 0x00000000eb080000, 0x0000000100000000)
  eden space 4096K, 21% used [0x00000000eab00000,0x00000000eabd9b50,0x00000000eaf00000)
  from space 512K, 77% used [0x00000000eb000000,0x00000000eb062910,0x00000000eb080000)
  to   space 512K, 0% used [0x00000000eaf00000,0x00000000eaf00000,0x00000000eaf80000)
 ParOldGen       total 141824K, used 122526K [0x00000000c0000000, 0x00000000c8a80000, 0x00000000eab00000)
  object space 141824K, 86% used [0x00000000c0000000,0x00000000c77a7998,0x00000000c8a80000)
 Metaspace       used 102645K, committed 104256K, reserved 1179648K
  class space    used 10518K, committed 11200K, reserved 1048576K

Card table byte_map: [0x00000276ad3e0000,0x00000276ad5f0000] _byte_map_base: 0x00000276acde0000

Marking Bits: (ParMarkBitMap*) 0x00007ffdd5ccd7d0
 Begin Bits: [0x00000276ad750000, 0x00000276ae750000)
 End Bits:   [0x00000276ae750000, 0x00000276af750000)

Polling page: 0x0000027699be0000

Metaspace:

Usage:
  Non-class:     89.97 MB used.
      Class:     10.27 MB used.
       Both:    100.24 MB used.

Virtual space:
  Non-class space:      128.00 MB reserved,      90.88 MB ( 71%) committed,  2 nodes.
      Class space:        1.00 GB reserved,      10.94 MB (  1%) committed,  1 nodes.
             Both:        1.12 GB reserved,     101.81 MB (  9%) committed. 

Chunk freelists:
   Non-Class:  5.08 MB
       Class:  5.08 MB
        Both:  10.16 MB

MaxMetaspaceSize: unlimited
CompressedClassSpaceSize: 1.00 GB
Initial GC threshold: 21.00 MB
Current GC threshold: 169.50 MB
CDS: off
MetaspaceReclaimPolicy: balanced
 - commit_granule_bytes: 65536.
 - commit_granule_words: 8192.
 - virtual_space_node_default_size: 8388608.
 - enlarge_chunks_in_place: 1.
 - new_chunks_are_fully_committed: 0.
 - uncommit_free_chunks: 1.
 - use_allocation_guard: 0.
 - handle_deallocations: 1.


Internal statistics:

num_allocs_failed_limit: 9.
num_arena_births: 1310.
num_arena_deaths: 386.
num_vsnodes_births: 3.
num_vsnodes_deaths: 0.
num_space_committed: 1629.
num_space_uncommitted: 0.
num_chunks_returned_to_freelist: 444.
num_chunks_taken_from_freelist: 5865.
num_chunk_merges: 160.
num_chunk_splits: 3497.
num_chunks_enlarged: 1963.
num_inconsistent_stats: 0.

CodeHeap 'non-profiled nmethods': size=120000Kb used=23353Kb max_used=23353Kb free=96646Kb
 bounds [0x00000276a5cd0000, 0x00000276a73a0000, 0x00000276ad200000]
CodeHeap 'profiled nmethods': size=120000Kb used=42477Kb max_used=42477Kb free=77522Kb
 bounds [0x000002769e200000, 0x00000276a0b90000, 0x00000276a5730000]
CodeHeap 'non-nmethods': size=5760Kb used=1462Kb max_used=1587Kb free=4297Kb
 bounds [0x00000276a5730000, 0x00000276a59a0000, 0x00000276a5cd0000]
 total_blobs=20677 nmethods=19853 adapters=732
 compilation: enabled
              stopped_count=0, restarted_count=0
 full_count=0

Compilation events (20 events):
Event: 2370.064 Thread 0x00000276b4cd1090 26375       4       org.eclipse.osgi.internal.log.EquinoxLogWriter::convertSeverity (43 bytes)
Event: 2370.065 Thread 0x00000276b4d1e430 nmethod 26374 0x00000276a0b7a390 code [0x00000276a0b7a580, 0x00000276a0b7aaf8]
Event: 2370.065 Thread 0x00000276b4cd1090 nmethod 26375 0x00000276a739ca90 code [0x00000276a739cc00, 0x00000276a739cc78]
Event: 2371.285 Thread 0x00000276b4cd1090 26376   !   4       java.nio.charset.CharsetEncoder::encode (273 bytes)
Event: 2371.298 Thread 0x00000276b4cd1090 nmethod 26376 0x00000276a739cd90 code [0x00000276a739cf60, 0x00000276a739d5b8]
Event: 2371.301 Thread 0x00000276b4cd1090 26377       4       org.eclipse.jdt.internal.compiler.parser.Parser::currentRecoveryType (42 bytes)
Event: 2371.303 Thread 0x00000276b4cd1090 nmethod 26377 0x00000276a739dc90 code [0x00000276a739de20, 0x00000276a739df38]
Event: 2371.568 Thread 0x00000276b4d1e430 26378       3       org.eclipse.jdt.core.dom.ASTRecoveryPropagator::endVisitNode (382 bytes)
Event: 2371.571 Thread 0x00000276b4d1e430 nmethod 26378 0x00000276a0b7ad10 code [0x00000276a0b7afa0, 0x00000276a0b7bd08]
Event: 2372.906 Thread 0x00000276b4d1e430 26379       3       org.eclipse.jdt.internal.core.AbstractClassFile::equals (57 bytes)
Event: 2372.906 Thread 0x00000276b4d1e430 nmethod 26379 0x00000276a0b7c290 code [0x00000276a0b7c480, 0x00000276a0b7cbb8]
Event: 2372.909 Thread 0x00000276b4d1e430 26380       1       org.eclipse.lsp4j.jsonrpc.messages.ResponseMessage::setError (6 bytes)
Event: 2372.909 Thread 0x00000276b4d1e430 nmethod 26380 0x00000276a739e010 code [0x00000276a739e1a0, 0x00000276a739e278]
Event: 2373.187 Thread 0x00000276b4d1e430 26381       1       org.eclipse.jdt.internal.core.Initializer::getElementType (3 bytes)
Event: 2373.187 Thread 0x00000276b4d1e430 nmethod 26381 0x00000276a739e310 code [0x00000276a739e4a0, 0x00000276a739e578]
Event: 2373.227 Thread 0x00000276b4d1e430 26382       3       org.eclipse.jdt.internal.compiler.parser.diagnose.DiagnoseParser::problemReporter (8 bytes)
Event: 2373.227 Thread 0x00000276b4d1e430 nmethod 26382 0x00000276a0b7cd10 code [0x00000276a0b7cec0, 0x00000276a0b7d088]
Event: 2380.514 Thread 0x00000276b4cd1090 26383   !   4       org.eclipse.lsp4j.jsonrpc.json.adapters.MessageTypeAdapter::read (482 bytes)
Event: 2380.937 Thread 0x00000276b4d1e430 26384   !   3       org.eclipse.jdt.internal.compiler.parser.diagnose.DiagnoseParser::diagnoseParse0 (1330 bytes)
Event: 2380.946 Thread 0x00000276b4d1e430 nmethod 26384 0x00000276a0b7d190 code [0x00000276a0b7d800, 0x00000276a0b812e8]

GC Heap History (20 events):
Event: 2373.173 GC heap before
{Heap before GC invocations=4858 (full 123):
 PSYoungGen      total 2048K, used 1502K [0x00000000eab00000, 0x00000000eae00000, 0x0000000100000000)
  eden space 1024K, 99% used [0x00000000eab00000,0x00000000eabffff8,0x00000000eac00000)
  from space 1024K, 46% used [0x00000000ead00000,0x00000000ead77b98,0x00000000eae00000)
  to   space 1024K, 0% used [0x00000000eac00000,0x00000000eac00000,0x00000000ead00000)
 ParOldGen       total 141824K, used 116622K [0x00000000c0000000, 0x00000000c8a80000, 0x00000000eab00000)
  object space 141824K, 82% used [0x00000000c0000000,0x00000000c71e3b20,0x00000000c8a80000)
 Metaspace       used 102638K, committed 104256K, reserved 1179648K
  class space    used 10518K, committed 11200K, reserved 1048576K
}
Event: 2373.175 GC heap after
{Heap after GC invocations=4858 (full 123):
 PSYoungGen      total 2048K, used 968K [0x00000000eab00000, 0x00000000eaf80000, 0x0000000100000000)
  eden space 1024K, 0% used [0x00000000eab00000,0x00000000eab00000,0x00000000eac00000)
  from space 1024K, 94% used [0x00000000eac00000,0x00000000eacf2020,0x00000000ead00000)
  to   space 1536K, 0% used [0x00000000eae00000,0x00000000eae00000,0x00000000eaf80000)
 ParOldGen       total 141824K, used 117059K [0x00000000c0000000, 0x00000000c8a80000, 0x00000000eab00000)
  object space 141824K, 82% used [0x00000000c0000000,0x00000000c7250db8,0x00000000c8a80000)
 Metaspace       used 102638K, committed 104256K, reserved 1179648K
  class space    used 10518K, committed 11200K, reserved 1048576K
}
Event: 2373.177 GC heap before
{Heap before GC invocations=4859 (full 123):
 PSYoungGen      total 2048K, used 1992K [0x00000000eab00000, 0x00000000eaf80000, 0x0000000100000000)
  eden space 1024K, 100% used [0x00000000eab00000,0x00000000eac00000,0x00000000eac00000)
  from space 1024K, 94% used [0x00000000eac00000,0x00000000eacf2020,0x00000000ead00000)
  to   space 1536K, 0% used [0x00000000eae00000,0x00000000eae00000,0x00000000eaf80000)
 ParOldGen       total 141824K, used 117059K [0x00000000c0000000, 0x00000000c8a80000, 0x00000000eab00000)
  object space 141824K, 82% used [0x00000000c0000000,0x00000000c7250db8,0x00000000c8a80000)
 Metaspace       used 102638K, committed 104256K, reserved 1179648K
  class space    used 10518K, committed 11200K, reserved 1048576K
}
Event: 2373.179 GC heap after
{Heap after GC invocations=4859 (full 123):
 PSYoungGen      total 2560K, used 960K [0x00000000eab00000, 0x00000000eaf00000, 0x0000000100000000)
  eden space 1536K, 0% used [0x00000000eab00000,0x00000000eab00000,0x00000000eac80000)
  from space 1024K, 93% used [0x00000000eae00000,0x00000000eaef0310,0x00000000eaf00000)
  to   space 1024K, 0% used [0x00000000ead00000,0x00000000ead00000,0x00000000eae00000)
 ParOldGen       total 141824K, used 117956K [0x00000000c0000000, 0x00000000c8a80000, 0x00000000eab00000)
  object space 141824K, 83% used [0x00000000c0000000,0x00000000c73310e0,0x00000000c8a80000)
 Metaspace       used 102638K, committed 104256K, reserved 1179648K
  class space    used 10518K, committed 11200K, reserved 1048576K
}
Event: 2373.183 GC heap before
{Heap before GC invocations=4860 (full 123):
 PSYoungGen      total 2560K, used 2496K [0x00000000eab00000, 0x00000000eaf00000, 0x0000000100000000)
  eden space 1536K, 99% used [0x00000000eab00000,0x00000000eac7fde8,0x00000000eac80000)
  from space 1024K, 93% used [0x00000000eae00000,0x00000000eaef0310,0x00000000eaf00000)
  to   space 1024K, 0% used [0x00000000ead00000,0x00000000ead00000,0x00000000eae00000)
 ParOldGen       total 141824K, used 117956K [0x00000000c0000000, 0x00000000c8a80000, 0x00000000eab00000)
  object space 141824K, 83% used [0x00000000c0000000,0x00000000c73310e0,0x00000000c8a80000)
 Metaspace       used 102638K, committed 104256K, reserved 1179648K
  class space    used 10518K, committed 11200K, reserved 1048576K
}
Event: 2373.185 GC heap after
{Heap after GC invocations=4860 (full 123):
 PSYoungGen      total 3072K, used 1022K [0x00000000eab00000, 0x00000000eb200000, 0x0000000100000000)
  eden space 2048K, 0% used [0x00000000eab00000,0x00000000eab00000,0x00000000ead00000)
  from space 1024K, 99% used [0x00000000ead00000,0x00000000eadffad8,0x00000000eae00000)
  to   space 2560K, 0% used [0x00000000eaf80000,0x00000000eaf80000,0x00000000eb200000)
 ParOldGen       total 141824K, used 119225K [0x00000000c0000000, 0x00000000c8a80000, 0x00000000eab00000)
  object space 141824K, 84% used [0x00000000c0000000,0x00000000c746e738,0x00000000c8a80000)
 Metaspace       used 102638K, committed 104256K, reserved 1179648K
  class space    used 10518K, committed 11200K, reserved 1048576K
}
Event: 2373.192 GC heap before
{Heap before GC invocations=4861 (full 123):
 PSYoungGen      total 3072K, used 3070K [0x00000000eab00000, 0x00000000eb200000, 0x0000000100000000)
  eden space 2048K, 100% used [0x00000000eab00000,0x00000000ead00000,0x00000000ead00000)
  from space 1024K, 99% used [0x00000000ead00000,0x00000000eadffad8,0x00000000eae00000)
  to   space 2560K, 0% used [0x00000000eaf80000,0x00000000eaf80000,0x00000000eb200000)
 ParOldGen       total 141824K, used 119225K [0x00000000c0000000, 0x00000000c8a80000, 0x00000000eab00000)
  object space 141824K, 84% used [0x00000000c0000000,0x00000000c746e738,0x00000000c8a80000)
 Metaspace       used 102638K, committed 104256K, reserved 1179648K
  class space    used 10518K, committed 11200K, reserved 1048576K
}
Event: 2373.194 GC heap after
{Heap after GC invocations=4861 (full 123):
 PSYoungGen      total 3584K, used 308K [0x00000000eab00000, 0x00000000eb080000, 0x0000000100000000)
  eden space 2560K, 0% used [0x00000000eab00000,0x00000000eab00000,0x00000000ead80000)
  from space 1024K, 30% used [0x00000000eaf80000,0x00000000eafcd200,0x00000000eb080000)
  to   space 1536K, 0% used [0x00000000ead80000,0x00000000ead80000,0x00000000eaf00000)
 ParOldGen       total 141824K, used 119993K [0x00000000c0000000, 0x00000000c8a80000, 0x00000000eab00000)
  object space 141824K, 84% used [0x00000000c0000000,0x00000000c752e738,0x00000000c8a80000)
 Metaspace       used 102638K, committed 104256K, reserved 1179648K
  class space    used 10518K, committed 11200K, reserved 1048576K
}
Event: 2373.200 GC heap before
{Heap before GC invocations=4862 (full 123):
 PSYoungGen      total 3584K, used 2558K [0x00000000eab00000, 0x00000000eb080000, 0x0000000100000000)
  eden space 2560K, 87% used [0x00000000eab00000,0x00000000ead328c8,0x00000000ead80000)
  from space 1024K, 30% used [0x00000000eaf80000,0x00000000eafcd200,0x00000000eb080000)
  to   space 1536K, 0% used [0x00000000ead80000,0x00000000ead80000,0x00000000eaf00000)
 ParOldGen       total 141824K, used 119993K [0x00000000c0000000, 0x00000000c8a80000, 0x00000000eab00000)
  object space 141824K, 84% used [0x00000000c0000000,0x00000000c752e738,0x00000000c8a80000)
 Metaspace       used 102638K, committed 104256K, reserved 1179648K
  class space    used 10518K, committed 11200K, reserved 1048576K
}
Event: 2373.202 GC heap after
{Heap after GC invocations=4862 (full 123):
 PSYoungGen      total 4096K, used 1508K [0x00000000eab00000, 0x00000000eb300000, 0x0000000100000000)
  eden space 2560K, 0% used [0x00000000eab00000,0x00000000eab00000,0x00000000ead80000)
  from space 1536K, 98% used [0x00000000ead80000,0x00000000eaef93a0,0x00000000eaf00000)
  to   space 2560K, 0% used [0x00000000eb080000,0x00000000eb080000,0x00000000eb300000)
 ParOldGen       total 141824K, used 120318K [0x00000000c0000000, 0x00000000c8a80000, 0x00000000eab00000)
  object space 141824K, 84% used [0x00000000c0000000,0x00000000c757f938,0x00000000c8a80000)
 Metaspace       used 102638K, committed 104256K, reserved 1179648K
  class space    used 10518K, committed 11200K, reserved 1048576K
}
Event: 2373.212 GC heap before
{Heap before GC invocations=4863 (full 123):
 PSYoungGen      total 4096K, used 4012K [0x00000000eab00000, 0x00000000eb300000, 0x0000000100000000)
  eden space 2560K, 97% used [0x00000000eab00000,0x00000000ead71f78,0x00000000ead80000)
  from space 1536K, 98% used [0x00000000ead80000,0x00000000eaef93a0,0x00000000eaf00000)
  to   space 2560K, 0% used [0x00000000eb080000,0x00000000eb080000,0x00000000eb300000)
 ParOldGen       total 141824K, used 120318K [0x00000000c0000000, 0x00000000c8a80000, 0x00000000eab00000)
  object space 141824K, 84% used [0x00000000c0000000,0x00000000c757f938,0x00000000c8a80000)
 Metaspace       used 102638K, committed 104256K, reserved 1179648K
  class space    used 10518K, committed 11200K, reserved 1048576K
}
Event: 2373.214 GC heap after
{Heap after GC invocations=4863 (full 123):
 PSYoungGen      total 5632K, used 2024K [0x00000000eab00000, 0x00000000eb300000, 0x0000000100000000)
  eden space 3072K, 0% used [0x00000000eab00000,0x00000000eab00000,0x00000000eae00000)
  from space 2560K, 79% used [0x00000000eb080000,0x00000000eb27a300,0x00000000eb300000)
  to   space 2560K, 0% used [0x00000000eae00000,0x00000000eae00000,0x00000000eb080000)
 ParOldGen       total 141824K, used 121830K [0x00000000c0000000, 0x00000000c8a80000, 0x00000000eab00000)
  object space 141824K, 85% used [0x00000000c0000000,0x00000000c76f9988,0x00000000c8a80000)
 Metaspace       used 102638K, committed 104256K, reserved 1179648K
  class space    used 10518K, committed 11200K, reserved 1048576K
}
Event: 2373.232 GC heap before
{Heap before GC invocations=4864 (full 123):
 PSYoungGen      total 5632K, used 5096K [0x00000000eab00000, 0x00000000eb300000, 0x0000000100000000)
  eden space 3072K, 100% used [0x00000000eab00000,0x00000000eae00000,0x00000000eae00000)
  from space 2560K, 79% used [0x00000000eb080000,0x00000000eb27a300,0x00000000eb300000)
  to   space 2560K, 0% used [0x00000000eae00000,0x00000000eae00000,0x00000000eb080000)
 ParOldGen       total 141824K, used 121830K [0x00000000c0000000, 0x00000000c8a80000, 0x00000000eab00000)
  object space 141824K, 85% used [0x00000000c0000000,0x00000000c76f9988,0x00000000c8a80000)
 Metaspace       used 102638K, committed 104256K, reserved 1179648K
  class space    used 10518K, committed 11200K, reserved 1048576K
}
Event: 2373.234 GC heap after
{Heap after GC invocations=4864 (full 123):
 PSYoungGen      total 5632K, used 608K [0x00000000eab00000, 0x00000000eb200000, 0x0000000100000000)
  eden space 3072K, 0% used [0x00000000eab00000,0x00000000eab00000,0x00000000eae00000)
  from space 2560K, 23% used [0x00000000eae00000,0x00000000eae98000,0x00000000eb080000)
  to   space 1536K, 0% used [0x00000000eb080000,0x00000000eb080000,0x00000000eb200000)
 ParOldGen       total 141824K, used 121942K [0x00000000c0000000, 0x00000000c8a80000, 0x00000000eab00000)
  object space 141824K, 85% used [0x00000000c0000000,0x00000000c7715998,0x00000000c8a80000)
 Metaspace       used 102638K, committed 104256K, reserved 1179648K
  class space    used 10518K, committed 11200K, reserved 1048576K
}
Event: 2373.241 GC heap before
{Heap before GC invocations=4865 (full 123):
 PSYoungGen      total 5632K, used 3680K [0x00000000eab00000, 0x00000000eb200000, 0x0000000100000000)
  eden space 3072K, 100% used [0x00000000eab00000,0x00000000eae00000,0x00000000eae00000)
  from space 2560K, 23% used [0x00000000eae00000,0x00000000eae98000,0x00000000eb080000)
  to   space 1536K, 0% used [0x00000000eb080000,0x00000000eb080000,0x00000000eb200000)
 ParOldGen       total 141824K, used 121942K [0x00000000c0000000, 0x00000000c8a80000, 0x00000000eab00000)
  object space 141824K, 85% used [0x00000000c0000000,0x00000000c7715998,0x00000000c8a80000)
 Metaspace       used 102638K, committed 104256K, reserved 1179648K
  class space    used 10518K, committed 11200K, reserved 1048576K
}
Event: 2373.243 GC heap after
{Heap after GC invocations=4865 (full 123):
 PSYoungGen      total 5632K, used 1274K [0x00000000eab00000, 0x00000000eb200000, 0x0000000100000000)
  eden space 4096K, 0% used [0x00000000eab00000,0x00000000eab00000,0x00000000eaf00000)
  from space 1536K, 82% used [0x00000000eb080000,0x00000000eb1bea30,0x00000000eb200000)
  to   space 1536K, 0% used [0x00000000eaf00000,0x00000000eaf00000,0x00000000eb080000)
 ParOldGen       total 141824K, used 122486K [0x00000000c0000000, 0x00000000c8a80000, 0x00000000eab00000)
  object space 141824K, 86% used [0x00000000c0000000,0x00000000c779d998,0x00000000c8a80000)
 Metaspace       used 102638K, committed 104256K, reserved 1179648K
  class space    used 10518K, committed 11200K, reserved 1048576K
}
Event: 2380.783 GC heap before
{Heap before GC invocations=4866 (full 123):
 PSYoungGen      total 5632K, used 5370K [0x00000000eab00000, 0x00000000eb200000, 0x0000000100000000)
  eden space 4096K, 100% used [0x00000000eab00000,0x00000000eaf00000,0x00000000eaf00000)
  from space 1536K, 82% used [0x00000000eb080000,0x00000000eb1bea30,0x00000000eb200000)
  to   space 1536K, 0% used [0x00000000eaf00000,0x00000000eaf00000,0x00000000eb080000)
 ParOldGen       total 141824K, used 122486K [0x00000000c0000000, 0x00000000c8a80000, 0x00000000eab00000)
  object space 141824K, 86% used [0x00000000c0000000,0x00000000c779d998,0x00000000c8a80000)
 Metaspace       used 102638K, committed 104256K, reserved 1179648K
  class space    used 10518K, committed 11200K, reserved 1048576K
}
Event: 2380.784 GC heap after
{Heap after GC invocations=4866 (full 123):
 PSYoungGen      total 4608K, used 128K [0x00000000eab00000, 0x00000000eb100000, 0x0000000100000000)
  eden space 4096K, 0% used [0x00000000eab00000,0x00000000eab00000,0x00000000eaf00000)
  from space 512K, 25% used [0x00000000eaf00000,0x00000000eaf20000,0x00000000eaf80000)
  to   space 1024K, 0% used [0x00000000eb000000,0x00000000eb000000,0x00000000eb100000)
 ParOldGen       total 141824K, used 122502K [0x00000000c0000000, 0x00000000c8a80000, 0x00000000eab00000)
  object space 141824K, 86% used [0x00000000c0000000,0x00000000c77a1998,0x00000000c8a80000)
 Metaspace       used 102638K, committed 104256K, reserved 1179648K
  class space    used 10518K, committed 11200K, reserved 1048576K
}
Event: 2380.948 GC heap before
{Heap before GC invocations=4867 (full 123):
 PSYoungGen      total 4608K, used 4224K [0x00000000eab00000, 0x00000000eb100000, 0x0000000100000000)
  eden space 4096K, 100% used [0x00000000eab00000,0x00000000eaf00000,0x00000000eaf00000)
  from space 512K, 25% used [0x00000000eaf00000,0x00000000eaf20000,0x00000000eaf80000)
  to   space 1024K, 0% used [0x00000000eb000000,0x00000000eb000000,0x00000000eb100000)
 ParOldGen       total 141824K, used 122502K [0x00000000c0000000, 0x00000000c8a80000, 0x00000000eab00000)
  object space 141824K, 86% used [0x00000000c0000000,0x00000000c77a1998,0x00000000c8a80000)
 Metaspace       used 102645K, committed 104256K, reserved 1179648K
  class space    used 10518K, committed 11200K, reserved 1048576K
}
Event: 2380.950 GC heap after
{Heap after GC invocations=4867 (full 123):
 PSYoungGen      total 4608K, used 394K [0x00000000eab00000, 0x00000000eb080000, 0x0000000100000000)
  eden space 4096K, 0% used [0x00000000eab00000,0x00000000eab00000,0x00000000eaf00000)
  from space 512K, 77% used [0x00000000eb000000,0x00000000eb062910,0x00000000eb080000)
  to   space 512K, 0% used [0x00000000eaf00000,0x00000000eaf00000,0x00000000eaf80000)
 ParOldGen       total 141824K, used 122526K [0x00000000c0000000, 0x00000000c8a80000, 0x00000000eab00000)
  object space 141824K, 86% used [0x00000000c0000000,0x00000000c77a7998,0x00000000c8a80000)
 Metaspace       used 102645K, committed 104256K, reserved 1179648K
  class space    used 10518K, committed 11200K, reserved 1048576K
}

Dll operation events (14 events):
Event: 0.020 Loaded shared library c:\Users\Jhonnatas Mendonça\.vscode\extensions\redhat.java-1.28.1-win32-x64\jre\17.0.10-win32-x86_64\bin\java.dll
Event: 0.797 Loaded shared library c:\Users\Jhonnatas Mendonça\.vscode\extensions\redhat.java-1.28.1-win32-x64\jre\17.0.10-win32-x86_64\bin\zip.dll
Event: 0.870 Loaded shared library C:\Users\Jhonnatas Mendonça\.vscode\extensions\redhat.java-1.28.1-win32-x64\jre\17.0.10-win32-x86_64\bin\instrument.dll
Event: 0.903 Loaded shared library C:\Users\Jhonnatas Mendonça\.vscode\extensions\redhat.java-1.28.1-win32-x64\jre\17.0.10-win32-x86_64\bin\net.dll
Event: 0.919 Loaded shared library C:\Users\Jhonnatas Mendonça\.vscode\extensions\redhat.java-1.28.1-win32-x64\jre\17.0.10-win32-x86_64\bin\nio.dll
Event: 0.974 Loaded shared library C:\Users\Jhonnatas Mendonça\.vscode\extensions\redhat.java-1.28.1-win32-x64\jre\17.0.10-win32-x86_64\bin\zip.dll
Event: 1.060 Loaded shared library C:\Users\Jhonnatas Mendonça\.vscode\extensions\redhat.java-1.28.1-win32-x64\jre\17.0.10-win32-x86_64\bin\jimage.dll
Event: 1.335 Loaded shared library c:\Users\Jhonnatas Mendonça\.vscode\extensions\redhat.java-1.28.1-win32-x64\jre\17.0.10-win32-x86_64\bin\verify.dll
Event: 14.686 Loaded shared library C:\Users\Jhonnatas Mendonça\AppData\Roaming\Code\User\globalStorage\redhat.java\1.28.1\config_win\org.eclipse.equinox.launcher\org.eclipse.equinox.launcher.win32.win32.x86_64_1.2.900.v20240129-1338\eclipse_11900.dll
Event: 38.212 Loaded shared library C:\Users\Jhonnatas Mendonça\.vscode\extensions\redhat.java-1.28.1-win32-x64\jre\17.0.10-win32-x86_64\bin\management.dll
Event: 38.230 Loaded shared library C:\Users\Jhonnatas Mendonça\.vscode\extensions\redhat.java-1.28.1-win32-x64\jre\17.0.10-win32-x86_64\bin\management_ext.dll
Event: 43.985 Loaded shared library C:\Users\Jhonnatas Mendonça\AppData\Local\Temp\jna-2052271697\jna14762962727779154457.dll
Event: 53.304 Loaded shared library C:\Users\Jhonnatas Mendonça\.vscode\extensions\redhat.java-1.28.1-win32-x64\jre\17.0.10-win32-x86_64\bin\sunmscapi.dll
Event: 54.379 Loaded shared library C:\Users\Jhonnatas Mendonça\.vscode\extensions\redhat.java-1.28.1-win32-x64\jre\17.0.10-win32-x86_64\bin\extnet.dll

Deoptimization events (20 events):
Event: 2369.603 Thread 0x00000276b7ec6bf0 Uncommon trap: trap_request=0xffffff45 fr.pc=0x00000276a72a8ab8 relative=0x0000000000003658
Event: 2369.603 Thread 0x00000276b7ec6bf0 Uncommon trap: reason=unstable_if action=reinterpret pc=0x00000276a72a8ab8 method=org.eclipse.jdt.internal.compiler.lookup.MethodBinding.sourceMethod()Lorg/eclipse/jdt/internal/compiler/ast/AbstractMethodDeclaration; @ 46 c2
Event: 2369.603 Thread 0x00000276b7ec6bf0 DEOPT PACKING pc=0x00000276a72a8ab8 sp=0x000000f4b71fda20
Event: 2369.603 Thread 0x00000276b7ec6bf0 DEOPT UNPACKING pc=0x00000276a57866a3 sp=0x000000f4b71fd918 mode 2
Event: 2369.603 Thread 0x00000276b7ec6bf0 Uncommon trap: trap_request=0xffffff45 fr.pc=0x00000276a5d17eb8 relative=0x0000000000000218
Event: 2369.603 Thread 0x00000276b7ec6bf0 Uncommon trap: reason=unstable_if action=reinterpret pc=0x00000276a5d17eb8 method=org.eclipse.jdt.internal.compiler.lookup.MethodBinding.sourceMethod()Lorg/eclipse/jdt/internal/compiler/ast/AbstractMethodDeclaration; @ 46 c2
Event: 2369.603 Thread 0x00000276b7ec6bf0 DEOPT PACKING pc=0x00000276a5d17eb8 sp=0x000000f4b71fd970
Event: 2369.603 Thread 0x00000276b7ec6bf0 DEOPT UNPACKING pc=0x00000276a57866a3 sp=0x000000f4b71fd908 mode 2
Event: 2369.631 Thread 0x00000276b9726a50 Uncommon trap: trap_request=0xfffffff4 fr.pc=0x00000276a70b9714 relative=0x0000000000008514
Event: 2369.631 Thread 0x00000276b9726a50 Uncommon trap: reason=null_check action=make_not_entrant pc=0x00000276a70b9714 method=lombok.eclipse.handlers.EclipseHandlerUtil.getRecordComponents(Lorg/eclipse/jdt/internal/compiler/ast/TypeDeclaration;)[Lorg/eclipse/jdt/internal/compiler/ast/AbstractVa
Event: 2369.631 Thread 0x00000276b9726a50 DEOPT PACKING pc=0x00000276a70b9714 sp=0x000000f4b79fe830
Event: 2369.631 Thread 0x00000276b9726a50 DEOPT UNPACKING pc=0x00000276a57866a3 sp=0x000000f4b79fe6d0 mode 2
Event: 2372.899 Thread 0x00000276b9725100 Uncommon trap: trap_request=0xffffff45 fr.pc=0x00000276a70c77fc relative=0x000000000000023c
Event: 2372.899 Thread 0x00000276b9725100 Uncommon trap: reason=unstable_if action=reinterpret pc=0x00000276a70c77fc method=org.eclipse.jdt.internal.core.AbstractClassFile.equals(Ljava/lang/Object;)Z @ 50 c2
Event: 2372.899 Thread 0x00000276b9725100 DEOPT PACKING pc=0x00000276a70c77fc sp=0x000000f4b4ffe6b0
Event: 2372.899 Thread 0x00000276b9725100 DEOPT UNPACKING pc=0x00000276a57866a3 sp=0x000000f4b4ffe630 mode 2
Event: 2373.226 Thread 0x00000276b9722880 Uncommon trap: trap_request=0xffffffde fr.pc=0x00000276a6e4c9b8 relative=0x00000000000007d8
Event: 2373.226 Thread 0x00000276b9722880 Uncommon trap: reason=class_check action=maybe_recompile pc=0x00000276a6e4c9b8 method=org.eclipse.jdt.internal.compiler.util.SimpleSet.remove(Ljava/lang/Object;)Ljava/lang/Object; @ 7 c2
Event: 2373.226 Thread 0x00000276b9722880 DEOPT PACKING pc=0x00000276a6e4c9b8 sp=0x000000f4b4dfe030
Event: 2373.226 Thread 0x00000276b9722880 DEOPT UNPACKING pc=0x00000276a57866a3 sp=0x000000f4b4dfdfd0 mode 2

Classes unloaded (20 events):
Event: 2320.470 Thread 0x00000276afaea1f0 Unloading class 0x00000001009c5c00 'java/lang/invoke/LambdaForm$MH+0x00000001009c5c00'
Event: 2320.470 Thread 0x00000276afaea1f0 Unloading class 0x00000001009c5800 'java/lang/invoke/LambdaForm$MH+0x00000001009c5800'
Event: 2320.470 Thread 0x00000276afaea1f0 Unloading class 0x00000001009c5400 'java/lang/invoke/LambdaForm$MH+0x00000001009c5400'
Event: 2320.470 Thread 0x00000276afaea1f0 Unloading class 0x00000001009c5000 'java/lang/invoke/LambdaForm$MH+0x00000001009c5000'
Event: 2320.470 Thread 0x00000276afaea1f0 Unloading class 0x00000001009c4c00 'java/lang/invoke/LambdaForm$MH+0x00000001009c4c00'
Event: 2320.470 Thread 0x00000276afaea1f0 Unloading class 0x00000001009c4800 'java/lang/invoke/LambdaForm$MH+0x00000001009c4800'
Event: 2320.470 Thread 0x00000276afaea1f0 Unloading class 0x000000010022e400 'java/lang/invoke/LambdaForm$MH+0x000000010022e400'
Event: 2320.470 Thread 0x00000276afaea1f0 Unloading class 0x000000010022e000 'java/lang/invoke/LambdaForm$MH+0x000000010022e000'
Event: 2320.470 Thread 0x00000276afaea1f0 Unloading class 0x000000010022dc00 'java/lang/invoke/LambdaForm$MH+0x000000010022dc00'
Event: 2320.470 Thread 0x00000276afaea1f0 Unloading class 0x000000010022cc00 'java/lang/invoke/LambdaForm$MH+0x000000010022cc00'
Event: 2320.470 Thread 0x00000276afaea1f0 Unloading class 0x000000010022c800 'java/lang/invoke/LambdaForm$MH+0x000000010022c800'
Event: 2320.470 Thread 0x00000276afaea1f0 Unloading class 0x000000010022c000 'java/lang/invoke/LambdaForm$MH+0x000000010022c000'
Event: 2320.470 Thread 0x00000276afaea1f0 Unloading class 0x0000000100206000 'java/lang/invoke/LambdaForm$MH+0x0000000100206000'
Event: 2320.470 Thread 0x00000276afaea1f0 Unloading class 0x0000000100205c00 'java/lang/invoke/LambdaForm$MH+0x0000000100205c00'
Event: 2320.470 Thread 0x00000276afaea1f0 Unloading class 0x0000000100205800 'java/lang/invoke/LambdaForm$MH+0x0000000100205800'
Event: 2320.470 Thread 0x00000276afaea1f0 Unloading class 0x0000000100205400 'java/lang/invoke/LambdaForm$MH+0x0000000100205400'
Event: 2320.470 Thread 0x00000276afaea1f0 Unloading class 0x0000000100205000 'java/lang/invoke/LambdaForm$MH+0x0000000100205000'
Event: 2320.470 Thread 0x00000276afaea1f0 Unloading class 0x0000000100204c00 'java/lang/invoke/LambdaForm$MH+0x0000000100204c00'
Event: 2320.470 Thread 0x00000276afaea1f0 Unloading class 0x0000000100204800 'java/lang/invoke/LambdaForm$MH+0x0000000100204800'
Event: 2320.470 Thread 0x00000276afaea1f0 Unloading class 0x0000000100204400 'java/lang/invoke/LambdaForm$MH+0x0000000100204400'

Classes redefined (0 events):
No events

Internal exceptions (20 events):
Event: 2319.535 Thread 0x00000276b9722880 Exception <a 'java/lang/ClassNotFoundException'{0x00000000eab59478}: sun/net/www/protocol/jdt/Handler> (0x00000000eab59478) 
thrown [s\src\hotspot\share\classfile\systemDictionary.cpp, line 256]
Event: 2319.535 Thread 0x00000276b9722880 Exception <a 'java/lang/ClassNotFoundException'{0x00000000eab5bd28}: sun/net/www/protocol/jdt/Handler> (0x00000000eab5bd28) 
thrown [s\src\hotspot\share\classfile\systemDictionary.cpp, line 256]
Event: 2319.535 Thread 0x00000276b9722880 Exception <a 'java/lang/ClassNotFoundException'{0x00000000eab5e190}: sun/net/www/protocol/jdt/Handler> (0x00000000eab5e190) 
thrown [s\src\hotspot\share\classfile\systemDictionary.cpp, line 256]
Event: 2319.535 Thread 0x00000276b9722880 Exception <a 'java/lang/ClassNotFoundException'{0x00000000eab60cb8}: sun/net/www/protocol/jdt/Handler> (0x00000000eab60cb8) 
thrown [s\src\hotspot\share\classfile\systemDictionary.cpp, line 256]
Event: 2319.535 Thread 0x00000276b9722880 Exception <a 'java/lang/ClassNotFoundException'{0x00000000eab63c90}: sun/net/www/protocol/jdt/Handler> (0x00000000eab63c90) 
thrown [s\src\hotspot\share\classfile\systemDictionary.cpp, line 256]
Event: 2319.535 Thread 0x00000276b9722880 Exception <a 'java/lang/ClassNotFoundException'{0x00000000eab66800}: sun/net/www/protocol/jdt/Handler> (0x00000000eab66800) 
thrown [s\src\hotspot\share\classfile\systemDictionary.cpp, line 256]
Event: 2319.535 Thread 0x00000276b9722880 Exception <a 'java/lang/ClassNotFoundException'{0x00000000eab68e08}: sun/net/www/protocol/jdt/Handler> (0x00000000eab68e08) 
thrown [s\src\hotspot\share\classfile\systemDictionary.cpp, line 256]
Event: 2319.536 Thread 0x00000276b9722880 Exception <a 'java/lang/ClassNotFoundException'{0x00000000eab6b2b0}: sun/net/www/protocol/jdt/Handler> (0x00000000eab6b2b0) 
thrown [s\src\hotspot\share\classfile\systemDictionary.cpp, line 256]
Event: 2319.536 Thread 0x00000276b9722880 Exception <a 'java/lang/ClassNotFoundException'{0x00000000eab6dfc8}: sun/net/www/protocol/jdt/Handler> (0x00000000eab6dfc8) 
thrown [s\src\hotspot\share\classfile\systemDictionary.cpp, line 256]
Event: 2319.536 Thread 0x00000276b9722880 Exception <a 'java/lang/ClassNotFoundException'{0x00000000eab70450}: sun/net/www/protocol/jdt/Handler> (0x00000000eab70450) 
thrown [s\src\hotspot\share\classfile\systemDictionary.cpp, line 256]
Event: 2356.247 Thread 0x00000276b9725100 Implicit null exception at 0x00000276a73202f2 to 0x00000276a7321370
Event: 2359.327 Thread 0x00000276b9725100 Implicit null exception at 0x00000276a739180e to 0x00000276a7391964
Event: 2364.998 Thread 0x00000276b7ec6bf0 Exception <a 'java/lang/ArrayIndexOutOfBoundsException'{0x00000000ead05608}> (0x00000000ead05608) 
thrown [s\src\hotspot\share\runtime\sharedRuntime.cpp, line 631]
Event: 2364.998 Thread 0x00000276b7ec6bf0 Exception <a 'java/lang/ArrayIndexOutOfBoundsException'{0x00000000ead05f58}> (0x00000000ead05f58) 
thrown [s\src\hotspot\share\runtime\sharedRuntime.cpp, line 631]
Event: 2364.999 Thread 0x00000276b7ec6bf0 Exception <a 'java/lang/ArrayIndexOutOfBoundsException'{0x00000000ead062f8}> (0x00000000ead062f8) 
thrown [s\src\hotspot\share\runtime\sharedRuntime.cpp, line 631]
Event: 2369.600 Thread 0x00000276b7ec6bf0 Implicit null exception at 0x00000276a6c6da50 to 0x00000276a6c75258
Event: 2369.603 Thread 0x00000276b7ec6bf0 Implicit null exception at 0x00000276a6dc88c0 to 0x00000276a6dd225c
Event: 2369.603 Thread 0x00000276b7ec6bf0 Implicit null exception at 0x00000276a72a67c8 to 0x00000276a72a8a94
Event: 2369.603 Thread 0x00000276b7ec6bf0 Implicit null exception at 0x00000276a5d17d08 to 0x00000276a5d17ea4
Event: 2369.631 Thread 0x00000276b9726a50 Implicit null exception at 0x00000276a70b1b84 to 0x00000276a70b96c4

VM Operations (20 events):
Event: 2373.173 Executing VM operation: ParallelGCFailedAllocation
Event: 2373.175 Executing VM operation: ParallelGCFailedAllocation done
Event: 2373.177 Executing VM operation: ParallelGCFailedAllocation
Event: 2373.179 Executing VM operation: ParallelGCFailedAllocation done
Event: 2373.183 Executing VM operation: ParallelGCFailedAllocation
Event: 2373.185 Executing VM operation: ParallelGCFailedAllocation done
Event: 2373.192 Executing VM operation: ParallelGCFailedAllocation
Event: 2373.194 Executing VM operation: ParallelGCFailedAllocation done
Event: 2373.200 Executing VM operation: ParallelGCFailedAllocation
Event: 2373.202 Executing VM operation: ParallelGCFailedAllocation done
Event: 2373.212 Executing VM operation: ParallelGCFailedAllocation
Event: 2373.214 Executing VM operation: ParallelGCFailedAllocation done
Event: 2373.232 Executing VM operation: ParallelGCFailedAllocation
Event: 2373.234 Executing VM operation: ParallelGCFailedAllocation done
Event: 2373.241 Executing VM operation: ParallelGCFailedAllocation
Event: 2373.243 Executing VM operation: ParallelGCFailedAllocation done
Event: 2380.783 Executing VM operation: ParallelGCFailedAllocation
Event: 2380.784 Executing VM operation: ParallelGCFailedAllocation done
Event: 2380.948 Executing VM operation: ParallelGCFailedAllocation
Event: 2380.951 Executing VM operation: ParallelGCFailedAllocation done

Events (20 events):
Event: 2314.535 Thread 0x00000276b9724bf0 Thread added: 0x00000276b9724bf0
Event: 2314.537 Thread 0x00000276b4d3e640 flushing nmethod 0x00000276a717f610
Event: 2314.537 Thread 0x00000276b4d3e640 flushing nmethod 0x00000276a72aea10
Event: 2314.538 Thread 0x00000276b9724bf0 Thread exited: 0x00000276b9724bf0
Event: 2314.545 Thread 0x00000276b9724bf0 Thread added: 0x00000276b9724bf0
Event: 2314.546 Thread 0x00000276b4d3e640 flushing nmethod 0x000002769e91eb90
Event: 2314.546 Thread 0x00000276b4d3e640 flushing nmethod 0x000002769e92df10
Event: 2314.548 Thread 0x00000276b4d3e640 flushing nmethod 0x000002769eaa9390
Event: 2314.548 Thread 0x00000276b9724bf0 Thread exited: 0x00000276b9724bf0
Event: 2314.550 Thread 0x00000276b4d3e640 flushing nmethod 0x000002769ede9790
Event: 2314.559 Thread 0x00000276b4d3e640 flushing nmethod 0x000002769f7c2090
Event: 2314.567 Thread 0x00000276b4d3e640 flushing nmethod 0x000002769fc62590
Event: 2314.568 Thread 0x00000276b4d3e640 flushing nmethod 0x000002769fdcd310
Event: 2314.574 Thread 0x00000276b4d3e640 flushing nmethod 0x00000276a0254d90
Event: 2314.584 Thread 0x00000276b4d3e640 flushing nmethod 0x00000276a0abf890
Event: 2359.015 Thread 0x00000276b9727980 Thread exited: 0x00000276b9727980
Event: 2366.662 Thread 0x00000276b9727980 Thread added: 0x00000276b9727980
Event: 2369.595 Thread 0x00000276b9725610 Thread added: 0x00000276b9725610
Event: 2372.878 Thread 0x00000276b8883b80 Thread added: 0x00000276b8883b80
Event: 2373.161 Thread 0x00000276b88845a0 Thread added: 0x00000276b88845a0


Dynamic libraries:
0x00007ff7a0990000 - 0x00007ff7a099e000 	c:\Users\Jhonnatas Mendonça\.vscode\extensions\redhat.java-1.28.1-win32-x64\jre\17.0.10-win32-x86_64\bin\java.exe
0x00007ffe2f050000 - 0x00007ffe2f266000 	C:\WINDOWS\SYSTEM32\ntdll.dll
0x00007ffe2db00000 - 0x00007ffe2dbc4000 	C:\WINDOWS\System32\KERNEL32.DLL
0x00007ffe2c690000 - 0x00007ffe2ca36000 	C:\WINDOWS\System32\KERNELBASE.dll
0x00007ffe2c400000 - 0x00007ffe2c511000 	C:\WINDOWS\System32\ucrtbase.dll
0x00007ffde66c0000 - 0x00007ffde66d7000 	c:\Users\Jhonnatas Mendonça\.vscode\extensions\redhat.java-1.28.1-win32-x64\jre\17.0.10-win32-x86_64\bin\jli.dll
0x00007ffe2dfd0000 - 0x00007ffe2e17d000 	C:\WINDOWS\System32\USER32.dll
0x00007ffe2cc80000 - 0x00007ffe2cca6000 	C:\WINDOWS\System32\win32u.dll
0x00007ffe2ee90000 - 0x00007ffe2eeb9000 	C:\WINDOWS\System32\GDI32.dll
0x00007ffe2cb60000 - 0x00007ffe2cc78000 	C:\WINDOWS\System32\gdi32full.dll
0x00007ffe2cac0000 - 0x00007ffe2cb5a000 	C:\WINDOWS\System32\msvcp_win.dll
0x00007ffde5db0000 - 0x00007ffde5dcb000 	c:\Users\Jhonnatas Mendonça\.vscode\extensions\redhat.java-1.28.1-win32-x64\jre\17.0.10-win32-x86_64\bin\VCRUNTIME140.dll
0x00007ffe19410000 - 0x00007ffe196a3000 	C:\WINDOWS\WinSxS\amd64_microsoft.windows.common-controls_6595b64144ccf1df_6.0.22621.3235_none_270f74e173860f98\COMCTL32.dll
0x00007ffe2dd20000 - 0x00007ffe2ddc7000 	C:\WINDOWS\System32\msvcrt.dll
0x00007ffe2e190000 - 0x00007ffe2e1c1000 	C:\WINDOWS\System32\IMM32.DLL
0x00007ffe248e0000 - 0x00007ffe248ec000 	c:\Users\Jhonnatas Mendonça\.vscode\extensions\redhat.java-1.28.1-win32-x64\jre\17.0.10-win32-x86_64\bin\vcruntime140_1.dll
0x00007ffde3990000 - 0x00007ffde3a1d000 	c:\Users\Jhonnatas Mendonça\.vscode\extensions\redhat.java-1.28.1-win32-x64\jre\17.0.10-win32-x86_64\bin\msvcp140.dll
0x00007ffdd5130000 - 0x00007ffdd5d92000 	c:\Users\Jhonnatas Mendonça\.vscode\extensions\redhat.java-1.28.1-win32-x64\jre\17.0.10-win32-x86_64\bin\server\jvm.dll
0x00007ffe2dbd0000 - 0x00007ffe2dc82000 	C:\WINDOWS\System32\ADVAPI32.dll
0x00007ffe2e1d0000 - 0x00007ffe2e278000 	C:\WINDOWS\System32\sechost.dll
0x00007ffe2ccb0000 - 0x00007ffe2ccd8000 	C:\WINDOWS\System32\bcrypt.dll
0x00007ffe2d9e0000 - 0x00007ffe2daf5000 	C:\WINDOWS\System32\RPCRT4.dll
0x00007ffe2c260000 - 0x00007ffe2c2ad000 	C:\WINDOWS\SYSTEM32\POWRPROF.dll
0x00007ffe19400000 - 0x00007ffe19409000 	C:\WINDOWS\SYSTEM32\WSOCK32.dll
0x00007ffe2e750000 - 0x00007ffe2e7c1000 	C:\WINDOWS\System32\WS2_32.dll
0x00007ffe26db0000 - 0x00007ffe26de4000 	C:\WINDOWS\SYSTEM32\WINMM.dll
0x00007ffe26bc0000 - 0x00007ffe26bca000 	C:\WINDOWS\SYSTEM32\VERSION.dll
0x00007ffe2c240000 - 0x00007ffe2c253000 	C:\WINDOWS\SYSTEM32\UMPDC.dll
0x00007ffe2b3d0000 - 0x00007ffe2b3e8000 	C:\WINDOWS\SYSTEM32\kernel.appcore.dll
0x00007ffe247d0000 - 0x00007ffe247da000 	c:\Users\Jhonnatas Mendonça\.vscode\extensions\redhat.java-1.28.1-win32-x64\jre\17.0.10-win32-x86_64\bin\jimage.dll
0x00007ffe25a90000 - 0x00007ffe25cc3000 	C:\WINDOWS\SYSTEM32\DBGHELP.DLL
0x00007ffe2e3c0000 - 0x00007ffe2e748000 	C:\WINDOWS\System32\combase.dll
0x00007ffe2de80000 - 0x00007ffe2df57000 	C:\WINDOWS\System32\OLEAUT32.dll
0x00007ffe25950000 - 0x00007ffe25982000 	C:\WINDOWS\SYSTEM32\dbgcore.DLL
0x00007ffe2ca40000 - 0x00007ffe2caba000 	C:\WINDOWS\System32\bcryptPrimitives.dll
0x00007ffe1ad50000 - 0x00007ffe1ad5e000 	c:\Users\Jhonnatas Mendonça\.vscode\extensions\redhat.java-1.28.1-win32-x64\jre\17.0.10-win32-x86_64\bin\instrument.dll
0x00007ffdff530000 - 0x00007ffdff555000 	c:\Users\Jhonnatas Mendonça\.vscode\extensions\redhat.java-1.28.1-win32-x64\jre\17.0.10-win32-x86_64\bin\java.dll
0x00007ffe13080000 - 0x00007ffe13098000 	c:\Users\Jhonnatas Mendonça\.vscode\extensions\redhat.java-1.28.1-win32-x64\jre\17.0.10-win32-x86_64\bin\zip.dll
0x00007ffe2ce00000 - 0x00007ffe2d65c000 	C:\WINDOWS\System32\SHELL32.dll
0x00007ffe2a2e0000 - 0x00007ffe2abd8000 	C:\WINDOWS\SYSTEM32\windows.storage.dll
0x00007ffe2a1a0000 - 0x00007ffe2a2de000 	C:\WINDOWS\SYSTEM32\wintypes.dll
0x00007ffe2ef10000 - 0x00007ffe2f003000 	C:\WINDOWS\System32\SHCORE.dll
0x00007ffe2df70000 - 0x00007ffe2dfce000 	C:\WINDOWS\System32\shlwapi.dll
0x00007ffe2c2c0000 - 0x00007ffe2c2e6000 	C:\WINDOWS\SYSTEM32\profapi.dll
0x00007ffe07a70000 - 0x00007ffe07a89000 	C:\Users\Jhonnatas Mendonça\.vscode\extensions\redhat.java-1.28.1-win32-x64\jre\17.0.10-win32-x86_64\bin\net.dll
0x00007ffe26830000 - 0x00007ffe26967000 	C:\WINDOWS\SYSTEM32\WINHTTP.dll
0x00007ffe2b850000 - 0x00007ffe2b8b9000 	C:\WINDOWS\system32\mswsock.dll
0x00007ffdff510000 - 0x00007ffdff526000 	C:\Users\Jhonnatas Mendonça\.vscode\extensions\redhat.java-1.28.1-win32-x64\jre\17.0.10-win32-x86_64\bin\nio.dll
0x00007ffe17560000 - 0x00007ffe17570000 	c:\Users\Jhonnatas Mendonça\.vscode\extensions\redhat.java-1.28.1-win32-x64\jre\17.0.10-win32-x86_64\bin\verify.dll
0x00007ffde66f0000 - 0x00007ffde672e000 	C:\Users\Jhonnatas Mendonça\AppData\Roaming\Code\User\globalStorage\redhat.java\1.28.1\config_win\org.eclipse.equinox.launcher\org.eclipse.equinox.launcher.win32.win32.x86_64_1.2.900.v20240129-1338\eclipse_11900.dll
0x00007ffe2ec50000 - 0x00007ffe2edef000 	C:\WINDOWS\System32\ole32.dll
0x00007ffe27410000 - 0x00007ffe27419000 	C:\Users\Jhonnatas Mendonça\.vscode\extensions\redhat.java-1.28.1-win32-x64\jre\17.0.10-win32-x86_64\bin\management.dll
0x00007ffe10790000 - 0x00007ffe1079b000 	C:\Users\Jhonnatas Mendonça\.vscode\extensions\redhat.java-1.28.1-win32-x64\jre\17.0.10-win32-x86_64\bin\management_ext.dll
0x00007ffe2edf0000 - 0x00007ffe2edf8000 	C:\WINDOWS\System32\PSAPI.DLL
0x00007ffe2baa0000 - 0x00007ffe2babb000 	C:\WINDOWS\SYSTEM32\CRYPTSP.dll
0x00007ffe2b330000 - 0x00007ffe2b365000 	C:\WINDOWS\system32\rsaenh.dll
0x00007ffe2b940000 - 0x00007ffe2b96c000 	C:\WINDOWS\SYSTEM32\USERENV.dll
0x00007ffe2bac0000 - 0x00007ffe2bacc000 	C:\WINDOWS\SYSTEM32\CRYPTBASE.dll
0x00007ffe2aed0000 - 0x00007ffe2aefd000 	C:\WINDOWS\SYSTEM32\IPHLPAPI.DLL
0x00007ffe2e180000 - 0x00007ffe2e189000 	C:\WINDOWS\System32\NSI.dll
0x00007ffe267c0000 - 0x00007ffe267d9000 	C:\WINDOWS\SYSTEM32\dhcpcsvc6.DLL
0x00007ffe267a0000 - 0x00007ffe267bf000 	C:\WINDOWS\SYSTEM32\dhcpcsvc.DLL
0x00007ffe2af00000 - 0x00007ffe2aff9000 	C:\WINDOWS\SYSTEM32\DNSAPI.dll
0x00007ffe095d0000 - 0x00007ffe09615000 	C:\Users\Jhonnatas Mendonça\AppData\Local\Temp\jna-2052271697\jna14762962727779154457.dll
0x00007ffe24be0000 - 0x00007ffe24bee000 	C:\Users\Jhonnatas Mendonça\.vscode\extensions\redhat.java-1.28.1-win32-x64\jre\17.0.10-win32-x86_64\bin\sunmscapi.dll
0x00007ffe2c520000 - 0x00007ffe2c686000 	C:\WINDOWS\System32\CRYPT32.dll
0x00007ffe2bc60000 - 0x00007ffe2bc8e000 	C:\WINDOWS\SYSTEM32\ncrypt.dll
0x00007ffe2bc20000 - 0x00007ffe2bc57000 	C:\WINDOWS\SYSTEM32\NTASN1.dll
0x00007ffe23420000 - 0x00007ffe2342a000 	C:\Windows\System32\rasadhlp.dll
0x00007ffe25d40000 - 0x00007ffe25dc3000 	C:\WINDOWS\System32\fwpuclnt.dll
0x00007ffe248f0000 - 0x00007ffe248f9000 	C:\Users\Jhonnatas Mendonça\.vscode\extensions\redhat.java-1.28.1-win32-x64\jre\17.0.10-win32-x86_64\bin\extnet.dll
0x00007ffe24ad0000 - 0x00007ffe24ad8000 	C:\WINDOWS\system32\wshunix.dll

dbghelp: loaded successfully - version: 4.0.5 - missing functions: none
symbol engine: initialized successfully - sym options: 0x614 - pdb path: .;c:\Users\Jhonnatas Mendonça\.vscode\extensions\redhat.java-1.28.1-win32-x64\jre\17.0.10-win32-x86_64\bin;C:\WINDOWS\SYSTEM32;C:\WINDOWS\WinSxS\amd64_microsoft.windows.common-controls_6595b64144ccf1df_6.0.22621.3235_none_270f74e173860f98;c:\Users\Jhonnatas Mendonça\.vscode\extensions\redhat.java-1.28.1-win32-x64\jre\17.0.10-win32-x86_64\bin\server;C:\Users\Jhonnatas Mendonça\AppData\Roaming\Code\User\globalStorage\redhat.java\1.28.1\config_win\org.eclipse.equinox.launcher\org.eclipse.equinox.launcher.win32.win32.x86_64_1.2.900.v20240129-1338;C:\Users\Jhonnatas Mendonça\AppData\Local\Temp\jna-2052271697

VM Arguments:
jvm_args: --add-modules=ALL-SYSTEM --add-opens=java.base/java.util=ALL-UNNAMED --add-opens=java.base/java.lang=ALL-UNNAMED --add-opens=java.base/sun.nio.fs=ALL-UNNAMED -Declipse.application=org.eclipse.jdt.ls.core.id1 -Dosgi.bundles.defaultStartLevel=4 -Declipse.product=org.eclipse.jdt.ls.core.product -Djava.import.generatesMetadataFilesAtProjectRoot=false -DDetectVMInstallationsJob.disabled=true -Dfile.encoding=utf8 -XX:+UseParallelGC -XX:GCTimeRatio=4 -XX:AdaptiveSizePolicyWeight=90 -Dsun.zip.disableMemoryMapping=true -Xmx1G -Xms100m -Xlog:disable -javaagent:c:\Users\Jhonnatas Mendonça\.vscode\extensions\redhat.java-1.28.1-win32-x64\lombok\lombok-1.18.31.jar -XX:+HeapDumpOnOutOfMemoryError -XX:HeapDumpPath=c:\Users\Jhonnatas Mendonça\AppData\Roaming\Code\User\workspaceStorage\b526074c2b309d823fb9f48d67b97a61\redhat.java -Daether.dependencyCollector.impl=bf 
java_command: c:\Users\Jhonnatas Mendonça\.vscode\extensions\redhat.java-1.28.1-win32-x64\server\plugins\org.eclipse.equinox.launcher_1.6.700.v20231214-2017.jar -configuration c:\Users\Jhonnatas Mendonça\AppData\Roaming\Code\User\globalStorage\redhat.java\1.28.1\config_win -data c:\Users\Jhonnatas Mendonça\AppData\Roaming\Code\User\workspaceStorage\b526074c2b309d823fb9f48d67b97a61\redhat.java\jdt_ws --stdio
java_class_path (initial): c:\Users\Jhonnatas Mendonça\.vscode\extensions\redhat.java-1.28.1-win32-x64\server\plugins\org.eclipse.equinox.launcher_1.6.700.v20231214-2017.jar
Launcher Type: SUN_STANDARD

[Global flags]
    uintx AdaptiveSizePolicyWeight                 = 90                                        {product} {command line}
     intx CICompilerCount                          = 3                                         {product} {ergonomic}
    uintx GCTimeRatio                              = 4                                         {product} {command line}
     bool HeapDumpOnOutOfMemoryError               = true                                   {manageable} {command line}
    ccstr HeapDumpPath                             = c:\Users\Jhonnatas Mendonça\AppData\Roaming\Code\User\workspaceStorage\b526074c2b309d823fb9f48d67b97a61\redhat.java         {manageable} {command line}
   size_t InitialHeapSize                          = 104857600                                 {product} {command line}
   size_t MaxHeapSize                              = 1073741824                                {product} {command line}
   size_t MaxNewSize                               = 357564416                                 {product} {ergonomic}
   size_t MinHeapDeltaBytes                        = 524288                                    {product} {ergonomic}
   size_t MinHeapSize                              = 104857600                                 {product} {command line}
   size_t NewSize                                  = 34603008                                  {product} {ergonomic}
    uintx NonNMethodCodeHeapSize                   = 5832780                                {pd product} {ergonomic}
    uintx NonProfiledCodeHeapSize                  = 122912730                              {pd product} {ergonomic}
   size_t OldSize                                  = 70254592                                  {product} {ergonomic}
    uintx ProfiledCodeHeapSize                     = 122912730                              {pd product} {ergonomic}
    uintx ReservedCodeCacheSize                    = 251658240                              {pd product} {ergonomic}
     bool SegmentedCodeCache                       = true                                      {product} {ergonomic}
   size_t SoftMaxHeapSize                          = 1073741824                             {manageable} {ergonomic}
     bool UseCompressedClassPointers               = true                           {product lp64_product} {ergonomic}
     bool UseCompressedOops                        = true                           {product lp64_product} {ergonomic}
     bool UseLargePagesIndividualAllocation        = false                                  {pd product} {ergonomic}
     bool UseParallelGC                            = true                                      {product} {command line}

Logging:
Log output configuration:
 #0: stdout all=off uptime,level,tags
 #1: stderr all=off uptime,level,tags

Environment Variables:
PATH=C:\Users\Jhonnatas Mendonça\apache-maven-3.9.6\bin;C:\Users\Jhonnatas Mendonça\bin;C:\Program Files\Git\mingw64\bin;C:\Program Files\Git\usr\local\bin;C:\Program Files\Git\usr\bin;C:\Program Files\Git\usr\bin;C:\Program Files\Git\mingw64\bin;C:\Program Files\Git\usr\bin;C:\Users\Jhonnatas Mendonça\bin;C:\Program Files\Eclipse Adoptium\jdk-17.0.2.8-hotspot\bin;C:\WINDOWS\system32;C:\WINDOWS;C:\WINDOWS\System32\Wbem;C:\WINDOWS\System32\WindowsPowerShell\v1.0;C:\WINDOWS\System32\OpenSSH;C:\Program Files\Git\cmd;C:\Program Files\nodejs;C:\Program Files (x86)\PuTTY;C:\Users\Jhonnatas Mendonça\AppData\Local\Microsoft\WindowsApps;C:\Users\Jhonnatas Mendonça\AppData\Roaming\npm;C:\Users\Jhonnatas Mendonça\AppData\Local\Programs\Microsoft VS Code\bin;C:\Program Files\Git\usr\bin\vendor_perl;C:\Program Files\Git\usr\bin\core_perl
USERNAME=Jhonnatas Mendonça
SHELL=C:\Program Files\Git\usr\bin\bash.exe
DISPLAY=needs-to-be-defined
LC_CTYPE=pt_BR.UTF-8
TERM=xterm
TMPDIR=C:\Users\JHONNA~1\AppData\Local\Temp
OS=Windows_NT
PROCESSOR_IDENTIFIER=Intel64 Family 6 Model 142 Stepping 9, GenuineIntel
TMP=C:\Users\JHONNA~1\AppData\Local\Temp
TEMP=C:\Users\JHONNA~1\AppData\Local\Temp



Periodic native trim disabled


---------------  S Y S T E M  ---------------

OS:
 Windows 11 , 64 bit Build 22621 (10.0.22621.3235)
OS uptime: 7 days 4:46 hours
Hyper-V role detected

CPU: total 4 (initial active 4) (2 cores per cpu, 2 threads per core) family 6 model 142 stepping 9 microcode 0xde, cx8, cmov, fxsr, ht, mmx, 3dnowpref, sse, sse2, sse3, ssse3, sse4.1, sse4.2, popcnt, lzcnt, tsc, tscinvbit, avx, avx2, aes, erms, clmul, bmi1, bmi2, adx, fma, vzeroupper, clflush, clflushopt, hv
Processor Information for all 4 processors :
  Max Mhz: 2304, Current Mhz: 2304, Mhz Limit: 2304

Memory: 4k page, system-wide physical 8067M (2418M free)
TotalPageFile size 10883M (AvailPageFile size 4243M)
current process WorkingSet (physical memory assigned to process): 561M, peak: 690M
current process commit charge ("private bytes"): 461M, peak: 604M

vm_info: OpenJDK 64-Bit Server VM (17.0.10+7) for windows-amd64 JRE (17.0.10+7), built on Jan 16 2024 23:25:11 by "admin" with MS VC++ 16.10 / 16.11 (VS2019)

END.
