#
# A fatal error has been detected by the Java Runtime Environment:
#
#  EXCEPTION_ACCESS_VIOLATION (0xc0000005) at pc=0x00007ffdcd8fcb66, pid=8356, tid=18196
#
# JRE version: OpenJDK Runtime Environment Temurin-17.0.10+7 (17.0.10+7) (build 17.0.10+7)
# Java VM: OpenJDK 64-Bit Server VM Temurin-17.0.10+7 (17.0.10+7, mixed mode, emulated-client, tiered, compressed oops, compressed class ptrs, g1 gc, windows-amd64)
# Problematic frame:
# V  [jvm.dll+0xcb66]
#
# No core dump will be written. Minidumps are not enabled by default on client versions of Windows
#
# If you would like to submit a bug report, please visit:
#   https://github.com/adoptium/adoptium-support/issues
#

---------------  S U M M A R Y ------------

Command Line: -XX:+HeapDumpOnOutOfMemoryError -Xmx1024m -Dsts.lsp.client=vscode -Dsts.log.file=/dev/null -XX:TieredStopAtLevel=1 -Xlog:jni+resolve=off -Dspring.config.location=file:c:\Users\Jhonnatas Mendonça\.vscode\extensions\vmware.vscode-spring-boot-1.53.0\language-server\BOOT-INF\classes\application.properties org.springframework.ide.vscode.boot.app.BootLanguageServerBootApp

Host: Intel(R) Core(TM) i3-7020U CPU @ 2.30GHz, 4 cores, 7G,  Windows 11 , 64 bit Build 22621 (10.0.22621.3235)
Time: Thu Mar 14 07:39:06 2024 Hora oficial do Brasil elapsed time: 11.267123 seconds (0d 0h 0m 11s)

---------------  T H R E A D  ---------------

Current thread (0x0000026fcd534840):  GCTaskThread "GC Thread#0" [stack: 0x000000e71ef00000,0x000000e71f000000] [id=18196]

Stack: [0x000000e71ef00000,0x000000e71f000000],  sp=0x000000e71efff908,  free space=1022k
Native frames: (J=compiled Java code, j=interpreted, Vv=VM code, C=native code)
V  [jvm.dll+0xcb66]


siginfo: EXCEPTION_ACCESS_VIOLATION (0xc0000005), reading address 0x000000017b737ba0


Registers:
RAX=0x0000000000000000, RBX=0x0000000000000001, RCX=0x00000000c3988170, RDX=0x00000000c3988170
RSP=0x000000e71efff908, RBP=0x000000017b737b98, RSI=0x0000026fdc7b5010, RDI=0x0000026fdc7b5010
R8 =0x00000000c3988170, R9 =0x000000017b737b98, R10=0x00000000c3988170, R11=0x0000000000000001
R12=0x0000000000000003, R13=0x000000e71efffb10, R14=0x0000000000000000, R15=0x00000000c3988170
RIP=0x00007ffdcd8fcb66, EFLAGS=0x0000000000010202


Register to memory mapping:

RIP=0x00007ffdcd8fcb66 jvm.dll
RAX=0x0 is NULL
RBX=0x0000000000000001 is an unknown value
RCX=0x00000000c3988170 is pointing into object: [B 
{0x00000000c3987eb8} - klass: {type array byte}
 - length: 1024
RDX=0x00000000c3988170 is pointing into object: [B 
{0x00000000c3987eb8} - klass: {type array byte}
 - length: 1024
RSP=0x000000e71efff908 points into unknown readable memory: 0x00007ffdcdbf916c | 6c 91 bf cd fd 7f 00 00
RBP=0x000000017b737b98 is an unknown value
RSI=0x0000026fdc7b5010 points into unknown readable memory: 0x00007ffdce2498a8 | a8 98 24 ce fd 7f 00 00
RDI=0x0000026fdc7b5010 points into unknown readable memory: 0x00007ffdce2498a8 | a8 98 24 ce fd 7f 00 00
R8 =0x00000000c3988170 is pointing into object: [B 
{0x00000000c3987eb8} - klass: {type array byte}
 - length: 1024
R9 =0x000000017b737b98 is an unknown value
R10=0x00000000c3988170 is pointing into object: [B 
{0x00000000c3987eb8} - klass: {type array byte}
 - length: 1024
R11=0x0000000000000001 is an unknown value
R12=0x0000000000000003 is an unknown value
R13=0x000000e71efffb10 points into unknown readable memory: 0x00007ffdce2430d8 | d8 30 24 ce fd 7f 00 00
R14=0x0 is NULL
R15=0x00000000c3988170 is pointing into object: [B 
{0x00000000c3987eb8} - klass: {type array byte}
 - length: 1024


Top of Stack: (sp=0x000000e71efff908)
0x000000e71efff908:   00007ffdcdbf916c 0000000000000001
0x000000e71efff918:   0000000000000002 0000000100062260
0x000000e71efff928:   0000026fdc7b5190 00000000c140f8a8
0x000000e71efff938:   00007ffdcdbf7a29 0000000000000011
0x000000e71efff948:   0000026fcd58fda0 0000026fdc7b5010
0x000000e71efff958:   00007ffdcdbf9517 0000026fdc7b5190
0x000000e71efff968:   0000000000000000 0000000000000000
0x000000e71efff978:   000000e71efffb10 0000000000000003
0x000000e71efff988:   0000026fdc7b5010 00000000c140f870
0x000000e71efff998:   000000000000009f 00000000c140f871
0x000000e71efff9a8:   00007ffdcdbfa1f2 00000000c5210000
0x000000e71efff9b8:   0000000000000100 0000026f00000000
0x000000e71efff9c8:   6b63616a2f6c6d78 0000000000000005
0x000000e71efff9d8:   0000026fdc7b5010 0000000000009e5d
0x000000e71efff9e8:   00000000c13f3ef4 0000026fcd50a3b0
0x000000e71efff9f8:   00007ffdcdbf9da8 000003d100000000
0x000000e71efffa08:   0000026fdc7b5010 0000026f00000000
0x000000e71efffa18:   0000000000000011 000000e71efffa90
0x000000e71efffa28:   00007ffdcdbcd424 00000000c13f3ef5
0x000000e71efffa38:   00007ffdce247238 000000e71f4fe700
0x000000e71efffa48:   0000000000000000 0000000000000003
0x000000e71efffa58:   00007ffdcdbeea87 0000000000000000
0x000000e71efffa68:   0000000000000000 000000e700000000
0x000000e71efffa78:   00007ffdce0e282e 0000000000000000
0x000000e71efffa88:   0000000000000000 0000026fcd508970
0x000000e71efffa98:   0000026fdc472860 00000000000003d8
0x000000e71efffaa8:   0000026fcd508d58 000000e71f4fe710
0x000000e71efffab8:   0000000000000013 0000000000000000
0x000000e71efffac8:   00007ffdcdbcdbca 0000000000000003
0x000000e71efffad8:   0000026fdc7b5010 0000026fdc7b5010
0x000000e71efffae8:   0000000000000000 00007ffdce24a970
0x000000e71efffaf8:   0000000000000001 0000000006b44a85 

Instructions: (pc=0x00007ffdcd8fcb66)
0x00007ffdcd8fca66:   cc cc cc cc cc cc cc cc cc cc 4c 8b 01 4c 8b c9
0x00007ffdcd8fca76:   48 8b 0d 53 60 b6 00 ba 64 60 08 00 e9 49 f1 ff
0x00007ffdcd8fca86:   ff cc cc cc cc cc cc cc cc cc 8b 05 62 a8 b0 00
0x00007ffdcd8fca96:   c3 cc cc cc cc cc cc cc cc cc 0f b6 05 db 68 b7
0x00007ffdcd8fcaa6:   00 48 8b d1 84 c0 74 16 44 8b 41 08 8b 0d 40 a8
0x00007ffdcd8fcab6:   b0 00 49 d3 e0 4c 03 05 2e a8 b0 00 eb 04 4c 8b
0x00007ffdcd8fcac6:   41 08 45 8b 50 08 45 85 d2 7e 0e 41 f6 c2 01 75
0x00007ffdcd8fcad6:   53 41 c1 fa 03 41 8b c2 c3 79 49 84 c0 b9 10 00
0x00007ffdcd8fcae6:   00 00 8b 05 46 b7 b0 00 41 b8 0c 00 00 00 41 0f
0x00007ffdcd8fcaf6:   45 c8 ff c8 4c 63 c8 48 63 14 11 41 8b ca 83 e1
0x00007ffdcd8fcb06:   3f 48 d3 e2 41 8b ca 48 c1 f9 10 0f b6 c1 49 8d
0x00007ffdcd8fcb16:   0c 11 49 f7 d1 48 03 c1 49 c1 e9 03 48 c1 e8 03
0x00007ffdcd8fcb26:   41 23 c1 c3 49 8b 00 49 8b c8 48 ff a0 00 01 00
0x00007ffdcd8fcb36:   00 cc cc cc cc cc cc cc cc cc 8b 44 24 30 45 03
0x00007ffdcd8fcb46:   c9 44 2b 4c 24 28 83 c0 0b 44 03 ca 45 03 c8 41
0x00007ffdcd8fcb56:   03 c1 c3 cc cc cc cc cc cc cc 4c 8b ca 48 8b d1
0x00007ffdcd8fcb66:   45 8b 41 08 45 85 c0 7e 0e 41 f6 c0 01 75 56 41
0x00007ffdcd8fcb76:   c1 f8 03 41 8b c0 c3 79 4c 80 3d fc 67 b7 00 00
0x00007ffdcd8fcb86:   b8 0c 00 00 00 b9 10 00 00 00 0f 45 c8 8b 05 9b
0x00007ffdcd8fcb96:   b6 b0 00 ff c8 4c 63 c8 48 63 14 11 41 8b c8 83
0x00007ffdcd8fcba6:   e1 3f 48 d3 e2 41 8b c8 48 c1 f9 10 0f b6 c1 49
0x00007ffdcd8fcbb6:   8d 0c 11 49 f7 d1 48 03 c1 49 c1 e9 03 48 c1 e8
0x00007ffdcd8fcbc6:   03 41 23 c1 c3 49 8b 01 49 8b c9 48 ff a0 00 01
0x00007ffdcd8fcbd6:   00 00 cc cc cc cc cc cc cc cc 48 8b 41 08 0f b7
0x00007ffdcd8fcbe6:   48 2a 0f b7 40 28 83 c0 48 03 c1 c3 cc cc cc cc
0x00007ffdcd8fcbf6:   cc cc cc cc cc cc cc cc cc cc 48 89 5c 24 08 57
0x00007ffdcd8fcc06:   48 83 ec 20 0f b6 05 df 4f bb 00 48 8b fa 48 8b
0x00007ffdcd8fcc16:   d9 84 c0 74 4f 48 85 15 f6 47 bb 00 74 38 48 8b
0x00007ffdcd8fcc26:   ca e8 54 99 85 00 48 8b d0 48 85 db 74 25 48 85
0x00007ffdcd8fcc36:   c0 74 20 48 8b c7 f0 48 0f b1 13 74 16 48 85 05
0x00007ffdcd8fcc46:   ce 47 bb 00 74 0d 48 8b c8 f0 48 0f b1 13 48 3b
0x00007ffdcd8fcc56:   c1 75 ea 48 8b fa 48 8b c7 48 8b 5c 24 30 48 83 


Stack slot to memory mapping:
stack at sp + 0 slots: 0x00007ffdcdbf916c jvm.dll
stack at sp + 1 slots: 0x0000000000000001 is an unknown value
stack at sp + 2 slots: 0x0000000000000002 is an unknown value
stack at sp + 3 slots: 0x0000000100062260 is a pointer to class: 
java.util.concurrent.ConcurrentHashMap$Node {0x0000000100062268}
 - instance size:     4
 - klass size:        73
 - access:            synchronized 
 - state:             fully_initialized
 - name:              'java/util/concurrent/ConcurrentHashMap$Node'
 - super:             'java/lang/Object'
 - sub:               'java/util/concurrent/ConcurrentHashMap$ForwardingNode'   'java/util/concurrent/ConcurrentHashMap$ReservationNode'   
 - arrays:            'java/util/concurrent/ConcurrentHashMap$Node'[]
 - methods:           Array<T>(0x0000026fd8166020)
 - method ordering:   Array<T>(0x0000026fd8000018)
 - default_methods:   Array<T>(0x0000000000000000)
 - local interfaces:  Array<T>(0x0000026fd8165fd0)
 - trans. interfaces: Array<T>(0x0000026fd8165fd0)
 - constants:         constant pool [81] {0x0000026fd8165cc8} for 'java/util/concurrent/ConcurrentHashMap$Node' cache=0x0000026fd81964c8
 - class loader data:  loader data: 0x0000026fcb38d0d0 of 'bootstrap'
 - class annotations:       Array<T>(0x0000000000000000)
 - class type annotations:  Array<T>(0x0000000000000000)
 - field annotations:       Array<T>(0x0000000000000000)
 - field type annotations:  Array<T>(0x0000000000000000)
 - generic signature: '<K:Ljava/lang/Object;V:Ljava/lang/Object;>Ljava/lang/Object;Ljava/util/Map$Entry<TK;TV;>;'
 - inner classes:     Array<T>(0x0000026fd8166630)
 - nest members:     Array<T>(0x0000026fd8000028)
 - permitted subclasses:     Array<T>(0x0000026fd8000028)
 - java mirror:       a 'java/lang/Class'{0x00000000c098d0e0} = 'java/util/concurrent/ConcurrentHashMap$Node'
 - vtable length      6  (start addr: 0x0000000100062428)
 - itable length      9 (start addr: 0x0000000100062458)
 - ---- static fields (0 words):
 - ---- non-static fields (4 words):
 - final 'hash' 'I' @12 
 - final 'key' 'Ljava/lang/Object;' @16 
 - volatile 'val' 'Ljava/lang/Object;' @20 
 - volatile 'next' 'Ljava/util/concurrent/ConcurrentHashMap$Node;' @24 
 - non-static oop maps: 16-24 
stack at sp + 4 slots: 0x0000026fdc7b5190 points into unknown readable memory: 0x00007ffdce249860 | 60 98 24 ce fd 7f 00 00
stack at sp + 5 slots: 0x00000000c140f8a8 is pointing into object: [Ljava.util.concurrent.ConcurrentHashMap$Node; 
{0x00000000c140f778} - klass: 'java/util/concurrent/ConcurrentHashMap$Node'[]
 - length: 1024
stack at sp + 6 slots: 0x00007ffdcdbf7a29 jvm.dll
stack at sp + 7 slots: 0x0000000000000011 is an unknown value


---------------  P R O C E S S  ---------------

Threads class SMR info:
_java_thread_list=0x0000026fdfd5be60, length=13, elements={
0x0000026fcd4f7b70, 0x0000026fd7a70390, 0x0000026fd7a70f20, 0x0000026fd7aa8540,
0x0000026fd7aa0120, 0x0000026fd7aa1a00, 0x0000026fd7bd0470, 0x0000026fd7bd0d40,
0x0000026fd7aac470, 0x0000026fd7dca2c0, 0x0000026fd7dde1c0, 0x0000026fd7fc5a00,
0x0000026fdf8c6390
}

Java Threads: ( => current thread )
  0x0000026fcd4f7b70 JavaThread "main" [_thread_blocked, id=15284, stack(0x000000e71ee00000,0x000000e71ef00000)]
  0x0000026fd7a70390 JavaThread "Reference Handler" daemon [_thread_blocked, id=2660, stack(0x000000e71f500000,0x000000e71f600000)]
  0x0000026fd7a70f20 JavaThread "Finalizer" daemon [_thread_blocked, id=12976, stack(0x000000e71f600000,0x000000e71f700000)]
  0x0000026fd7aa8540 JavaThread "Signal Dispatcher" daemon [_thread_blocked, id=10228, stack(0x000000e71f700000,0x000000e71f800000)]
  0x0000026fd7aa0120 JavaThread "Attach Listener" daemon [_thread_blocked, id=7364, stack(0x000000e71f800000,0x000000e71f900000)]
  0x0000026fd7aa1a00 JavaThread "Service Thread" daemon [_thread_blocked, id=7780, stack(0x000000e71f900000,0x000000e71fa00000)]
  0x0000026fd7bd0470 JavaThread "Monitor Deflation Thread" daemon [_thread_blocked, id=14896, stack(0x000000e71fa00000,0x000000e71fb00000)]
  0x0000026fd7bd0d40 JavaThread "C1 CompilerThread0" daemon [_thread_blocked, id=11788, stack(0x000000e71fb00000,0x000000e71fc00000)]
  0x0000026fd7aac470 JavaThread "Sweeper thread" daemon [_thread_blocked, id=3960, stack(0x000000e71fc00000,0x000000e71fd00000)]
  0x0000026fd7dca2c0 JavaThread "Notification Thread" daemon [_thread_blocked, id=11972, stack(0x000000e71fd00000,0x000000e71fe00000)]
  0x0000026fd7dde1c0 JavaThread "Common-Cleaner" daemon [_thread_blocked, id=12812, stack(0x000000e71ff00000,0x000000e720000000)]
  0x0000026fd7fc5a00 JavaThread "C1 CompilerThread1" daemon [_thread_blocked, id=7980, stack(0x000000e720200000,0x000000e720300000)]
  0x0000026fdf8c6390 JavaThread "C1 CompilerThread2" daemon [_thread_blocked, id=11820, stack(0x000000e720500000,0x000000e720600000)]

Other Threads:
  0x0000026fd7a591b0 VMThread "VM Thread" [stack: 0x000000e71f400000,0x000000e71f500000] [id=1920]
  0x0000026fd7dcc7b0 WatcherThread [stack: 0x000000e71fe00000,0x000000e71ff00000] [id=17996]
=>0x0000026fcd534840 GCTaskThread "GC Thread#0" [stack: 0x000000e71ef00000,0x000000e71f000000] [id=18196]
  0x0000026fdc486c80 GCTaskThread "GC Thread#1" [stack: 0x000000e720000000,0x000000e720100000] [id=9716]
  0x0000026fd7aa8120 GCTaskThread "GC Thread#2" [stack: 0x000000e720100000,0x000000e720200000] [id=14328]
  0x0000026fdf605cb0 GCTaskThread "GC Thread#3" [stack: 0x000000e720300000,0x000000e720400000] [id=8364]
  0x0000026fcd53d790 ConcurrentGCThread "G1 Main Marker" [stack: 0x000000e71f000000,0x000000e71f100000] [id=17020]
  0x0000026fcd53f960 ConcurrentGCThread "G1 Conc#0" [stack: 0x000000e71f100000,0x000000e71f200000] [id=16668]
  0x0000026fd78d20b0 ConcurrentGCThread "G1 Refine#0" [stack: 0x000000e71f200000,0x000000e71f300000] [id=7480]
  0x0000026fd78d2ae0 ConcurrentGCThread "G1 Service" [stack: 0x000000e71f300000,0x000000e71f400000] [id=3680]

Threads with active compile tasks:

VM state: at safepoint (normal execution)

VM Mutex/Monitor currently owned by a thread:  ([mutex/lock_event])
[0x0000026fcb38f630] Threads_lock - owner thread: 0x0000026fd7a591b0
[0x0000026fcb389950] Heap_lock - owner thread: 0x0000026fcd4f7b70

Heap address: 0x00000000c0000000, size: 1024 MB, Compressed Oops mode: 32-bit

CDS archive(s) not mapped
Compressed class space mapped at: 0x0000000100000000-0x0000000140000000, reserved size: 1073741824
Narrow klass base: 0x0000000000000000, Narrow klass shift: 3, Narrow klass range: 0x140000000

GC Precious Log:
 CPUs: 4 total, 4 available
 Memory: 8067M
 Large Page Support: Disabled
 NUMA Support: Disabled
 Compressed Oops: Enabled (32-bit)
 Heap Region Size: 1M
 Heap Min Capacity: 8M
 Heap Initial Capacity: 128M
 Heap Max Capacity: 1G
 Pre-touch: Disabled
 Parallel Workers: 4
 Concurrent Workers: 1
 Concurrent Refinement Workers: 4
 Periodic GC: Disabled

Heap:
 garbage-first heap   total 75776K, used 60705K [0x00000000c0000000, 0x0000000100000000)
  region size 1024K, 43 young (44032K), 4 survivors (4096K)
 Metaspace       used 28018K, committed 28224K, reserved 1114112K
  class space    used 3502K, committed 3584K, reserved 1048576K

Heap Regions: E=young(eden), S=young(survivor), O=old, HS=humongous(starts), HC=humongous(continues), CS=collection set, F=free, OA=open archive, CA=closed archive, TAMS=top-at-mark-start (previous, next)
|   0|0x00000000c0000000, 0x00000000c0100000, 0x00000000c0100000|100%|HS|  |TAMS 0x00000000c0100000, 0x00000000c0000000| Complete 
|   1|0x00000000c0100000, 0x00000000c0200000, 0x00000000c0200000|100%|HC|  |TAMS 0x00000000c0200000, 0x00000000c0100000| Complete 
|   2|0x00000000c0200000, 0x00000000c0300000, 0x00000000c0300000|100%|HC|  |TAMS 0x00000000c0300000, 0x00000000c0200000| Complete 
|   3|0x00000000c0300000, 0x00000000c0400000, 0x00000000c0400000|100%|HC|  |TAMS 0x00000000c0400000, 0x00000000c0300000| Complete 
|   4|0x00000000c0400000, 0x00000000c0500000, 0x00000000c0500000|100%| O|  |TAMS 0x00000000c0500000, 0x00000000c0400000| Untracked 
|   5|0x00000000c0500000, 0x00000000c0600000, 0x00000000c0600000|100%| O|  |TAMS 0x00000000c0600000, 0x00000000c0500000| Untracked 
|   6|0x00000000c0600000, 0x00000000c0700000, 0x00000000c0700000|100%| O|  |TAMS 0x00000000c0700000, 0x00000000c0600000| Untracked 
|   7|0x00000000c0700000, 0x00000000c0800000, 0x00000000c0800000|100%| O|  |TAMS 0x00000000c0800000, 0x00000000c0700000| Untracked 
|   8|0x00000000c0800000, 0x00000000c0900000, 0x00000000c0900000|100%| O|  |TAMS 0x00000000c0900000, 0x00000000c0800000| Untracked 
|   9|0x00000000c0900000, 0x00000000c0a00000, 0x00000000c0a00000|100%| O|  |TAMS 0x00000000c0a00000, 0x00000000c0900000| Untracked 
|  10|0x00000000c0a00000, 0x00000000c0b00000, 0x00000000c0b00000|100%|HS|  |TAMS 0x00000000c0b00000, 0x00000000c0a00000| Complete 
|  11|0x00000000c0b00000, 0x00000000c0c00000, 0x00000000c0c00000|100%|HC|  |TAMS 0x00000000c0c00000, 0x00000000c0b00000| Complete 
|  12|0x00000000c0c00000, 0x00000000c0d00000, 0x00000000c0d00000|100%| O|  |TAMS 0x00000000c0d00000, 0x00000000c0c00000| Untracked 
|  13|0x00000000c0d00000, 0x00000000c0e00000, 0x00000000c0e00000|100%| O|  |TAMS 0x00000000c0e00000, 0x00000000c0d00000| Untracked 
|  14|0x00000000c0e00000, 0x00000000c0f00000, 0x00000000c0f00000|100%| O|  |TAMS 0x00000000c0f00000, 0x00000000c0e00000| Untracked 
|  15|0x00000000c0f00000, 0x00000000c0f9ea00, 0x00000000c1000000| 61%| O|  |TAMS 0x00000000c0f9ea00, 0x00000000c0f00000| Untracked 
|  16|0x00000000c1000000, 0x00000000c1100000, 0x00000000c1100000|100%| O|  |TAMS 0x00000000c1000000, 0x00000000c1000000| Untracked 
|  17|0x00000000c1100000, 0x00000000c1200000, 0x00000000c1200000|100%| O|  |TAMS 0x00000000c1100000, 0x00000000c1100000| Untracked 
|  18|0x00000000c1200000, 0x00000000c1300000, 0x00000000c1300000|100%| O|  |TAMS 0x00000000c1200000, 0x00000000c1200000| Untracked 
|  19|0x00000000c1300000, 0x00000000c1400000, 0x00000000c1400000|100%| O|  |TAMS 0x00000000c1300000, 0x00000000c1300000| Untracked 
|  20|0x00000000c1400000, 0x00000000c1463398, 0x00000000c1500000| 38%| O|  |TAMS 0x00000000c1400000, 0x00000000c1400000| Untracked 
|  21|0x00000000c1500000, 0x00000000c1500000, 0x00000000c1600000|  0%| F|  |TAMS 0x00000000c1500000, 0x00000000c1500000| Untracked 
|  22|0x00000000c1600000, 0x00000000c1600000, 0x00000000c1700000|  0%| F|  |TAMS 0x00000000c1600000, 0x00000000c1600000| Untracked 
|  23|0x00000000c1700000, 0x00000000c1700000, 0x00000000c1800000|  0%| F|  |TAMS 0x00000000c1700000, 0x00000000c1700000| Untracked 
|  24|0x00000000c1800000, 0x00000000c1800000, 0x00000000c1900000|  0%| F|  |TAMS 0x00000000c1800000, 0x00000000c1800000| Untracked 
|  25|0x00000000c1900000, 0x00000000c1900000, 0x00000000c1a00000|  0%| F|  |TAMS 0x00000000c1900000, 0x00000000c1900000| Untracked 
|  26|0x00000000c1a00000, 0x00000000c1b00000, 0x00000000c1b00000|100%| S|  |TAMS 0x00000000c1a00000, 0x00000000c1a00000| Complete 
|  27|0x00000000c1b00000, 0x00000000c1c00000, 0x00000000c1c00000|100%| S|  |TAMS 0x00000000c1b00000, 0x00000000c1b00000| Complete 
|  28|0x00000000c1c00000, 0x00000000c1d00000, 0x00000000c1d00000|100%| S|  |TAMS 0x00000000c1c00000, 0x00000000c1c00000| Complete 
|  29|0x00000000c1d00000, 0x00000000c1e00000, 0x00000000c1e00000|100%| S|  |TAMS 0x00000000c1d00000, 0x00000000c1d00000| Complete 
|  30|0x00000000c1e00000, 0x00000000c1f00000, 0x00000000c1f00000|100%| E|CS|TAMS 0x00000000c1e00000, 0x00000000c1e00000| Complete 
|  31|0x00000000c1f00000, 0x00000000c2000000, 0x00000000c2000000|100%| E|CS|TAMS 0x00000000c1f00000, 0x00000000c1f00000| Complete 
|  32|0x00000000c2000000, 0x00000000c2100000, 0x00000000c2100000|100%| E|CS|TAMS 0x00000000c2000000, 0x00000000c2000000| Complete 
|  33|0x00000000c2100000, 0x00000000c2200000, 0x00000000c2200000|100%| E|CS|TAMS 0x00000000c2100000, 0x00000000c2100000| Complete 
|  34|0x00000000c2200000, 0x00000000c2300000, 0x00000000c2300000|100%| E|CS|TAMS 0x00000000c2200000, 0x00000000c2200000| Complete 
|  35|0x00000000c2300000, 0x00000000c2400000, 0x00000000c2400000|100%| E|CS|TAMS 0x00000000c2300000, 0x00000000c2300000| Complete 
|  36|0x00000000c2400000, 0x00000000c2500000, 0x00000000c2500000|100%| E|CS|TAMS 0x00000000c2400000, 0x00000000c2400000| Complete 
|  37|0x00000000c2500000, 0x00000000c2600000, 0x00000000c2600000|100%| E|CS|TAMS 0x00000000c2500000, 0x00000000c2500000| Complete 
|  38|0x00000000c2600000, 0x00000000c2700000, 0x00000000c2700000|100%| E|CS|TAMS 0x00000000c2600000, 0x00000000c2600000| Complete 
|  39|0x00000000c2700000, 0x00000000c2800000, 0x00000000c2800000|100%| E|CS|TAMS 0x00000000c2700000, 0x00000000c2700000| Complete 
|  40|0x00000000c2800000, 0x00000000c2900000, 0x00000000c2900000|100%| E|CS|TAMS 0x00000000c2800000, 0x00000000c2800000| Complete 
|  41|0x00000000c2900000, 0x00000000c2a00000, 0x00000000c2a00000|100%| E|CS|TAMS 0x00000000c2900000, 0x00000000c2900000| Complete 
|  42|0x00000000c2a00000, 0x00000000c2b00000, 0x00000000c2b00000|100%| E|CS|TAMS 0x00000000c2a00000, 0x00000000c2a00000| Complete 
|  43|0x00000000c2b00000, 0x00000000c2c00000, 0x00000000c2c00000|100%| E|CS|TAMS 0x00000000c2b00000, 0x00000000c2b00000| Complete 
|  44|0x00000000c2c00000, 0x00000000c2d00000, 0x00000000c2d00000|100%| E|CS|TAMS 0x00000000c2c00000, 0x00000000c2c00000| Complete 
|  45|0x00000000c2d00000, 0x00000000c2e00000, 0x00000000c2e00000|100%| E|CS|TAMS 0x00000000c2d00000, 0x00000000c2d00000| Complete 
|  46|0x00000000c2e00000, 0x00000000c2f00000, 0x00000000c2f00000|100%| E|CS|TAMS 0x00000000c2e00000, 0x00000000c2e00000| Complete 
|  47|0x00000000c2f00000, 0x00000000c3000000, 0x00000000c3000000|100%| E|CS|TAMS 0x00000000c2f00000, 0x00000000c2f00000| Complete 
|  48|0x00000000c3000000, 0x00000000c3100000, 0x00000000c3100000|100%| E|CS|TAMS 0x00000000c3000000, 0x00000000c3000000| Complete 
|  49|0x00000000c3100000, 0x00000000c3200000, 0x00000000c3200000|100%| E|CS|TAMS 0x00000000c3100000, 0x00000000c3100000| Complete 
|  50|0x00000000c3200000, 0x00000000c3300000, 0x00000000c3300000|100%| E|CS|TAMS 0x00000000c3200000, 0x00000000c3200000| Complete 
|  51|0x00000000c3300000, 0x00000000c3400000, 0x00000000c3400000|100%| E|CS|TAMS 0x00000000c3300000, 0x00000000c3300000| Complete 
|  52|0x00000000c3400000, 0x00000000c3500000, 0x00000000c3500000|100%| E|CS|TAMS 0x00000000c3400000, 0x00000000c3400000| Complete 
|  53|0x00000000c3500000, 0x00000000c3600000, 0x00000000c3600000|100%| E|CS|TAMS 0x00000000c3500000, 0x00000000c3500000| Complete 
|  54|0x00000000c3600000, 0x00000000c3700000, 0x00000000c3700000|100%| E|CS|TAMS 0x00000000c3600000, 0x00000000c3600000| Complete 
|  55|0x00000000c3700000, 0x00000000c3800000, 0x00000000c3800000|100%| E|CS|TAMS 0x00000000c3700000, 0x00000000c3700000| Complete 
|  56|0x00000000c3800000, 0x00000000c3900000, 0x00000000c3900000|100%| E|CS|TAMS 0x00000000c3800000, 0x00000000c3800000| Complete 
|  57|0x00000000c3900000, 0x00000000c3a00000, 0x00000000c3a00000|100%| E|CS|TAMS 0x00000000c3900000, 0x00000000c3900000| Complete 
|  58|0x00000000c3a00000, 0x00000000c3b00000, 0x00000000c3b00000|100%| E|CS|TAMS 0x00000000c3a00000, 0x00000000c3a00000| Complete 
|  59|0x00000000c3b00000, 0x00000000c3c00000, 0x00000000c3c00000|100%| E|CS|TAMS 0x00000000c3b00000, 0x00000000c3b00000| Complete 
|  60|0x00000000c3c00000, 0x00000000c3d00000, 0x00000000c3d00000|100%| E|CS|TAMS 0x00000000c3c00000, 0x00000000c3c00000| Complete 
|  61|0x00000000c3d00000, 0x00000000c3e00000, 0x00000000c3e00000|100%| E|CS|TAMS 0x00000000c3d00000, 0x00000000c3d00000| Complete 
|  62|0x00000000c3e00000, 0x00000000c3f00000, 0x00000000c3f00000|100%| E|CS|TAMS 0x00000000c3e00000, 0x00000000c3e00000| Complete 
|  63|0x00000000c3f00000, 0x00000000c4000000, 0x00000000c4000000|100%| E|CS|TAMS 0x00000000c3f00000, 0x00000000c3f00000| Complete 
|  64|0x00000000c4000000, 0x00000000c4100000, 0x00000000c4100000|100%| E|CS|TAMS 0x00000000c4000000, 0x00000000c4000000| Complete 
|  65|0x00000000c4100000, 0x00000000c4200000, 0x00000000c4200000|100%| E|CS|TAMS 0x00000000c4100000, 0x00000000c4100000| Complete 
|  66|0x00000000c4200000, 0x00000000c4300000, 0x00000000c4300000|100%| E|CS|TAMS 0x00000000c4200000, 0x00000000c4200000| Complete 
|  67|0x00000000c4300000, 0x00000000c4400000, 0x00000000c4400000|100%| E|CS|TAMS 0x00000000c4300000, 0x00000000c4300000| Complete 
|  82|0x00000000c5200000, 0x00000000c52a9ba0, 0x00000000c5300000| 66%| E|CS|TAMS 0x00000000c5200000, 0x00000000c5200000| Complete 
|  83|0x00000000c5300000, 0x00000000c5400000, 0x00000000c5400000|100%| E|CS|TAMS 0x00000000c5300000, 0x00000000c5300000| Complete 
|  84|0x00000000c5400000, 0x00000000c5500000, 0x00000000c5500000|100%| E|CS|TAMS 0x00000000c5400000, 0x00000000c5400000| Complete 
|  85|0x00000000c5500000, 0x00000000c5600000, 0x00000000c5600000|100%| E|CS|TAMS 0x00000000c5500000, 0x00000000c5500000| Complete 
|  86|0x00000000c5600000, 0x00000000c5700000, 0x00000000c5700000|100%| E|CS|TAMS 0x00000000c5600000, 0x00000000c5600000| Complete 
| 127|0x00000000c7f00000, 0x00000000c8000000, 0x00000000c8000000|100%| E|CS|TAMS 0x00000000c7f00000, 0x00000000c7f00000| Complete 

Card table byte_map: [0x0000026fd3180000,0x0000026fd3380000] _byte_map_base: 0x0000026fd2b80000

Marking Bits (Prev, Next): (CMBitMap*) 0x0000026fcd534ea0, (CMBitMap*) 0x0000026fcd534e60
 Prev Bits: [0x0000026fd4580000, 0x0000026fd5580000)
 Next Bits: [0x0000026fd3580000, 0x0000026fd4580000)

Polling page: 0x0000026fcb490000

Metaspace:

Usage:
  Non-class:     23.94 MB used.
      Class:      3.42 MB used.
       Both:     27.36 MB used.

Virtual space:
  Non-class space:       64.00 MB reserved,      24.06 MB ( 38%) committed,  1 nodes.
      Class space:        1.00 GB reserved,       3.50 MB ( <1%) committed,  1 nodes.
             Both:        1.06 GB reserved,      27.56 MB (  3%) committed. 

Chunk freelists:
   Non-Class:  7.44 MB
       Class:  12.51 MB
        Both:  19.96 MB

MaxMetaspaceSize: unlimited
CompressedClassSpaceSize: 1.00 GB
Initial GC threshold: 21.00 MB
Current GC threshold: 35.12 MB
CDS: off
MetaspaceReclaimPolicy: balanced
 - commit_granule_bytes: 65536.
 - commit_granule_words: 8192.
 - virtual_space_node_default_size: 8388608.
 - enlarge_chunks_in_place: 1.
 - new_chunks_are_fully_committed: 0.
 - uncommit_free_chunks: 1.
 - use_allocation_guard: 0.
 - handle_deallocations: 1.


Internal statistics:

num_allocs_failed_limit: 3.
num_arena_births: 252.
num_arena_deaths: 0.
num_vsnodes_births: 2.
num_vsnodes_deaths: 0.
num_space_committed: 441.
num_space_uncommitted: 0.
num_chunks_returned_to_freelist: 3.
num_chunks_taken_from_freelist: 953.
num_chunk_merges: 3.
num_chunk_splits: 661.
num_chunks_enlarged: 525.
num_inconsistent_stats: 0.

CodeCache: size=49152Kb used=6151Kb max_used=6151Kb free=43000Kb
 bounds [0x0000026fd0180000, 0x0000026fd0790000, 0x0000026fd3180000]
 total_blobs=3061 nmethods=2565 adapters=421
 compilation: enabled
              stopped_count=0, restarted_count=0
 full_count=0

Compilation events (20 events):
Event: 11.119 Thread 0x0000026fd7bd0d40 2557       1       java.util.concurrent.ConcurrentHashMap$MapEntry::getValue (5 bytes)
Event: 11.119 Thread 0x0000026fd7bd0d40 nmethod 2557 0x0000026fd077d790 code [0x0000026fd077d920, 0x0000026fd077d9f8]
Event: 11.120 Thread 0x0000026fd7fc5a00 2558       1       java.util.concurrent.ConcurrentHashMap$EntryIterator::next (5 bytes)
Event: 11.120 Thread 0x0000026fd7fc5a00 nmethod 2558 0x0000026fd077da90 code [0x0000026fd077dc20, 0x0000026fd077dd08]
Event: 11.120 Thread 0x0000026fdf8c6390 2559       1       java.util.concurrent.ConcurrentHashMap$EntryIterator::next (51 bytes)
Event: 11.120 Thread 0x0000026fdf8c6390 nmethod 2559 0x0000026fd077dd90 code [0x0000026fd077df40, 0x0000026fd077e2b8]
Event: 11.120 Thread 0x0000026fd7bd0d40 2560       1       java.util.concurrent.ConcurrentHashMap$MapEntry::<init> (20 bytes)
Event: 11.120 Thread 0x0000026fd7bd0d40 nmethod 2560 0x0000026fd077e410 code [0x0000026fd077e5a0, 0x0000026fd077e778]
Event: 11.213 Thread 0x0000026fd7fc5a00 2561       1       java.util.ArrayDeque::poll (5 bytes)
Event: 11.213 Thread 0x0000026fd7fc5a00 nmethod 2561 0x0000026fd077e810 code [0x0000026fd077e9a0, 0x0000026fd077ea88]
Event: 11.214 Thread 0x0000026fdf8c6390 2562       1       java.util.ArrayDeque::add (7 bytes)
Event: 11.214 Thread 0x0000026fdf8c6390 nmethod 2562 0x0000026fd077eb10 code [0x0000026fd077eca0, 0x0000026fd077ed88]
Event: 11.215 Thread 0x0000026fd7bd0d40 2563       1       sun.reflect.annotation.AnnotationParser::parseMemberValue (232 bytes)
Event: 11.218 Thread 0x0000026fd7bd0d40 nmethod 2563 0x0000026fd077f290 code [0x0000026fd077f600, 0x0000026fd0780388]
Event: 11.220 Thread 0x0000026fd7fc5a00 2565       1       jdk.internal.org.objectweb.asm.Frame::addInitializedType (77 bytes)
Event: 11.220 Thread 0x0000026fd7fc5a00 nmethod 2565 0x0000026fd0780c10 code [0x0000026fd0780dc0, 0x0000026fd0781188]
Event: 11.221 Thread 0x0000026fd7bd0d40 2566       1       java.lang.PublicMethods::toArray (76 bytes)
Event: 11.222 Thread 0x0000026fd7bd0d40 nmethod 2566 0x0000026fd0781310 code [0x0000026fd07814e0, 0x0000026fd0781858]
Event: 11.230 Thread 0x0000026fdf8c6390 2567       1       java.lang.invoke.DirectMethodHandle$Holder::invokeStatic (17 bytes)
Event: 11.230 Thread 0x0000026fdf8c6390 nmethod 2567 0x0000026fd0781a10 code [0x0000026fd0781bc0, 0x0000026fd0781cd8]

GC Heap History (9 events):
Event: 1.472 GC heap before
{Heap before GC invocations=0 (full 0):
 garbage-first heap   total 131072K, used 16384K [0x00000000c0000000, 0x0000000100000000)
  region size 1024K, 13 young (13312K), 0 survivors (0K)
 Metaspace       used 5943K, committed 6144K, reserved 1114112K
  class space    used 581K, committed 704K, reserved 1048576K
}
Event: 1.585 GC heap after
{Heap after GC invocations=1 (full 0):
 garbage-first heap   total 131072K, used 11921K [0x00000000c0000000, 0x0000000100000000)
  region size 1024K, 2 young (2048K), 2 survivors (2048K)
 Metaspace       used 5943K, committed 6144K, reserved 1114112K
  class space    used 581K, committed 704K, reserved 1048576K
}
Event: 2.735 GC heap before
{Heap before GC invocations=1 (full 0):
 garbage-first heap   total 131072K, used 23185K [0x00000000c0000000, 0x0000000100000000)
  region size 1024K, 11 young (11264K), 2 survivors (2048K)
 Metaspace       used 7970K, committed 8192K, reserved 1114112K
  class space    used 871K, committed 960K, reserved 1048576K
}
Event: 2.738 GC heap after
{Heap after GC invocations=2 (full 0):
 garbage-first heap   total 131072K, used 16045K [0x00000000c0000000, 0x0000000100000000)
  region size 1024K, 2 young (2048K), 2 survivors (2048K)
 Metaspace       used 7970K, committed 8192K, reserved 1114112K
  class space    used 871K, committed 960K, reserved 1048576K
}
Event: 4.128 GC heap before
{Heap before GC invocations=2 (full 0):
 garbage-first heap   total 131072K, used 32429K [0x00000000c0000000, 0x0000000100000000)
  region size 1024K, 18 young (18432K), 2 survivors (2048K)
 Metaspace       used 12262K, committed 12480K, reserved 1114112K
  class space    used 1502K, committed 1600K, reserved 1048576K
}
Event: 4.133 GC heap after
{Heap after GC invocations=3 (full 0):
 garbage-first heap   total 131072K, used 17274K [0x00000000c0000000, 0x0000000100000000)
  region size 1024K, 2 young (2048K), 2 survivors (2048K)
 Metaspace       used 12262K, committed 12480K, reserved 1114112K
  class space    used 1502K, committed 1600K, reserved 1048576K
}
Event: 7.017 GC heap before
{Heap before GC invocations=3 (full 0):
 garbage-first heap   total 131072K, used 55162K [0x00000000c0000000, 0x0000000100000000)
  region size 1024K, 41 young (41984K), 2 survivors (2048K)
 Metaspace       used 21262K, committed 21568K, reserved 1114112K
  class space    used 2612K, committed 2752K, reserved 1048576K
}
Event: 7.026 GC heap after
{Heap after GC invocations=4 (full 0):
 garbage-first heap   total 131072K, used 20769K [0x00000000c0000000, 0x0000000100000000)
  region size 1024K, 5 young (5120K), 5 survivors (5120K)
 Metaspace       used 21262K, committed 21568K, reserved 1114112K
  class space    used 2612K, committed 2752K, reserved 1048576K
}
Event: 11.233 GC heap before
{Heap before GC invocations=5 (full 0):
 garbage-first heap   total 75776K, used 59681K [0x00000000c0000000, 0x0000000100000000)
  region size 1024K, 44 young (45056K), 5 survivors (5120K)
 Metaspace       used 28018K, committed 28224K, reserved 1114112K
  class space    used 3502K, committed 3584K, reserved 1048576K
}

Dll operation events (6 events):
Event: 0.015 Loaded shared library c:\Users\Jhonnatas Mendonça\.vscode\extensions\redhat.java-1.28.1-win32-x64\jre\17.0.10-win32-x86_64\bin\java.dll
Event: 0.817 Loaded shared library C:\Users\Jhonnatas Mendonça\.vscode\extensions\redhat.java-1.28.1-win32-x64\jre\17.0.10-win32-x86_64\bin\net.dll
Event: 0.820 Loaded shared library C:\Users\Jhonnatas Mendonça\.vscode\extensions\redhat.java-1.28.1-win32-x64\jre\17.0.10-win32-x86_64\bin\nio.dll
Event: 0.845 Loaded shared library C:\Users\Jhonnatas Mendonça\.vscode\extensions\redhat.java-1.28.1-win32-x64\jre\17.0.10-win32-x86_64\bin\zip.dll
Event: 1.351 Loaded shared library C:\Users\Jhonnatas Mendonça\.vscode\extensions\redhat.java-1.28.1-win32-x64\jre\17.0.10-win32-x86_64\bin\jimage.dll
Event: 6.792 Loaded shared library c:\Users\Jhonnatas Mendonça\.vscode\extensions\redhat.java-1.28.1-win32-x64\jre\17.0.10-win32-x86_64\bin\verify.dll

Deoptimization events (0 events):
No events

Classes unloaded (0 events):
No events

Classes redefined (0 events):
No events

Internal exceptions (20 events):
Event: 7.432 Thread 0x0000026fdc68f530 Exception <a 'java/lang/NoSuchMethodError'{0x00000000c3896b20}: 'long java.lang.invoke.DirectMethodHandle$Holder.invokeInterface(java.lang.Object, java.lang.Object)'> (0x00000000c3896b20) 
thrown [s\src\hotspot\share\interpreter\linkResolver.cpp, line 759]
Event: 7.434 Thread 0x0000026fdc68f530 Exception <a 'java/lang/IncompatibleClassChangeError'{0x00000000c389a0b0}: Found class java.lang.Object, but interface was expected> (0x00000000c389a0b0) 
thrown [s\src\hotspot\share\interpreter\linkResolver.cpp, line 826]
Event: 7.540 Thread 0x0000026fdc68f530 Exception <a 'java/lang/NoSuchMethodError'{0x00000000c376be00}: 'java.lang.Object java.lang.invoke.DirectMethodHandle$Holder.invokeVirtual(java.lang.Object, java.lang.Object, java.lang.Object, java.lang.Object)'> (0x00000000c376be00) 
thrown [s\src\hotspot\share\interpreter\linkResolver.cpp, line 759]
Event: 7.562 Thread 0x0000026fdc68f530 Exception <a 'java/lang/NoSuchMethodError'{0x00000000c368d7b0}: 'java.lang.Object java.lang.invoke.DirectMethodHandle$Holder.invokeStaticInit(java.lang.Object, java.lang.Object, java.lang.Object, java.lang.Object, java.lang.Object)'> (0x00000000c368d7b0) 
thrown [s\src\hotspot\share\interpreter\linkResolver.cpp, line 759]
Event: 7.909 Thread 0x0000026fdc68f530 Exception <a 'java/lang/NoClassDefFoundError'{0x00000000c326f898}: org/apache/tomcat/util/http/Rfc6265CookieProcessor> (0x00000000c326f898) 
thrown [s\src\hotspot\share\classfile\systemDictionary.cpp, line 245]
Event: 8.026 Thread 0x0000026fcd4f7b70 Exception <a 'java/lang/ClassNotFoundException'{0x00000000c3084fd8}: groovy/lang/ExpandoMetaClassBeanInfo> (0x00000000c3084fd8) 
thrown [s\src\hotspot\share\classfile\systemDictionary.cpp, line 256]
Event: 8.028 Thread 0x0000026fcd4f7b70 Exception <a 'java/lang/ClassNotFoundException'{0x00000000c3098050}: groovy/lang/MetaClassImplBeanInfo> (0x00000000c3098050) 
thrown [s\src\hotspot\share\classfile\systemDictionary.cpp, line 256]
Event: 8.028 Thread 0x0000026fcd4f7b70 Exception <a 'java/lang/ClassNotFoundException'{0x00000000c3098ab0}: java/lang/ObjectBeanInfo> (0x00000000c3098ab0) 
thrown [s\src\hotspot\share\classfile\systemDictionary.cpp, line 256]
Event: 8.029 Thread 0x0000026fcd4f7b70 Exception <a 'java/lang/ClassNotFoundException'{0x00000000c3099e60}: java/lang/ObjectCustomizer> (0x00000000c3099e60) 
thrown [s\src\hotspot\share\classfile\systemDictionary.cpp, line 256]
Event: 8.102 Thread 0x0000026fcd4f7b70 Exception <a 'java/lang/IncompatibleClassChangeError'{0x00000000c309db88}: Found class java.lang.Object, but interface was expected> (0x00000000c309db88) 
thrown [s\src\hotspot\share\interpreter\linkResolver.cpp, line 826]
Event: 8.114 Thread 0x0000026fcd4f7b70 Exception <a 'java/lang/ClassNotFoundException'{0x00000000c30c0c28}: groovy/lang/MetaClassImplCustomizer> (0x00000000c30c0c28) 
thrown [s\src\hotspot\share\classfile\systemDictionary.cpp, line 256]
Event: 8.124 Thread 0x0000026fcd4f7b70 Exception <a 'java/lang/ClassNotFoundException'{0x00000000c30f2470}: groovy/lang/ExpandoMetaClassCustomizer> (0x00000000c30f2470) 
thrown [s\src\hotspot\share\classfile\systemDictionary.cpp, line 256]
Event: 8.265 Thread 0x0000026fcd4f7b70 Exception <a 'java/lang/ClassNotFoundException'{0x00000000c2f95e98}: org/springframework/beans/factory/groovy/GroovyBeanDefinitionReaderBeanInfo> (0x00000000c2f95e98) 
thrown [s\src\hotspot\share\classfile\systemDictionary.cpp, line 256]
Event: 8.266 Thread 0x0000026fcd4f7b70 Exception <a 'java/lang/ClassNotFoundException'{0x00000000c2f9dfc0}: org/springframework/beans/factory/support/AbstractBeanDefinitionReaderBeanInfo> (0x00000000c2f9dfc0) 
thrown [s\src\hotspot\share\classfile\systemDictionary.cpp, line 256]
Event: 8.267 Thread 0x0000026fcd4f7b70 Exception <a 'java/lang/ClassNotFoundException'{0x00000000c2fa6150}: org/springframework/beans/factory/support/AbstractBeanDefinitionReaderCustomizer> (0x00000000c2fa6150) 
thrown [s\src\hotspot\share\classfile\systemDictionary.cpp, line 256]
Event: 8.281 Thread 0x0000026fcd4f7b70 Exception <a 'java/lang/ClassNotFoundException'{0x00000000c2fd48e0}: org/springframework/beans/factory/groovy/GroovyBeanDefinitionReaderCustomizer> (0x00000000c2fd48e0) 
thrown [s\src\hotspot\share\classfile\systemDictionary.cpp, line 256]
Event: 8.649 Thread 0x0000026fcd4f7b70 Exception <a 'java/lang/NoSuchMethodError'{0x00000000c2dc51c0}: 'int java.lang.invoke.DirectMethodHandle$Holder.invokeInterface(java.lang.Object, java.lang.Object)'> (0x00000000c2dc51c0) 
thrown [s\src\hotspot\share\interpreter\linkResolver.cpp, line 759]
Event: 9.534 Thread 0x0000026fcd4f7b70 Exception <a 'sun/nio/fs/WindowsException'{0x00000000c2805218}> (0x00000000c2805218) 
thrown [s\src\hotspot\share\prims\jni.cpp, line 516]
Event: 9.538 Thread 0x0000026fcd4f7b70 Exception <a 'java/lang/NoSuchMethodError'{0x00000000c28073e0}: 'int java.lang.invoke.DirectMethodHandle$Holder.invokeSpecial(java.lang.Object, java.lang.Object, java.lang.Object, java.lang.Object, java.lang.Object)'> (0x00000000c28073e0) 
thrown [s\src\hotspot\share\interpreter\linkResolver.cpp, line 759]
Event: 9.550 Thread 0x0000026fcd4f7b70 Exception <a 'java/lang/NoSuchMethodError'{0x00000000c28104b0}: 'void java.lang.invoke.DirectMethodHandle$Holder.invokeVirtual(java.lang.Object, java.lang.Object)'> (0x00000000c28104b0) 
thrown [s\src\hotspot\share\interpreter\linkResolver.cpp, line 759]

VM Operations (20 events):
Event: 6.518 Executing VM operation: Cleanup done
Event: 7.016 Executing VM operation: CollectForMetadataAllocation
Event: 7.017 Executing VM operation: CollectForMetadataAllocation done
Event: 7.017 Executing VM operation: G1CollectForAllocation
Event: 7.027 Executing VM operation: G1CollectForAllocation done
Event: 7.040 Executing VM operation: G1PauseRemark
Event: 7.043 Executing VM operation: G1PauseRemark done
Event: 7.046 Executing VM operation: G1PauseCleanup
Event: 7.049 Executing VM operation: G1PauseCleanup done
Event: 8.051 Executing VM operation: Cleanup
Event: 8.100 Executing VM operation: Cleanup done
Event: 8.864 Executing VM operation: HandshakeAllThreads
Event: 8.864 Executing VM operation: HandshakeAllThreads done
Event: 9.343 Executing VM operation: HandshakeAllThreads
Event: 9.343 Executing VM operation: HandshakeAllThreads done
Event: 9.343 Executing VM operation: Cleanup
Event: 9.343 Executing VM operation: Cleanup done
Event: 10.352 Executing VM operation: Cleanup
Event: 10.556 Executing VM operation: Cleanup done
Event: 11.233 Executing VM operation: G1CollectForAllocation

Events (20 events):
Event: 9.548 loading class java/nio/file/Files$AcceptAllFilter
Event: 9.548 loading class java/nio/file/DirectoryStream$Filter
Event: 9.548 loading class java/nio/file/DirectoryStream$Filter done
Event: 9.549 loading class java/nio/file/Files$AcceptAllFilter done
Event: 9.549 loading class java/nio/file/FileTreeWalker$DirectoryNode
Event: 9.549 loading class java/nio/file/FileTreeWalker$DirectoryNode done
Event: 9.549 loading class sun/nio/fs/WindowsDirectoryStream$WindowsDirectoryIterator
Event: 9.549 loading class sun/nio/fs/WindowsDirectoryStream$WindowsDirectoryIterator done
Event: 9.549 loading class java/nio/file/FileTreeWalker$Event
Event: 9.549 loading class java/nio/file/FileTreeWalker$Event done
Event: 9.549 loading class java/nio/file/FileTreeWalker$EventType
Event: 9.549 loading class java/nio/file/FileTreeWalker$EventType done
Event: 9.553 loading class sun/nio/fs/WindowsPath$WindowsPathWithAttributes
Event: 9.553 loading class sun/nio/fs/BasicFileAttributesHolder
Event: 9.554 loading class sun/nio/fs/BasicFileAttributesHolder done
Event: 9.554 loading class sun/nio/fs/WindowsPath$WindowsPathWithAttributes done
Event: 9.555 loading class java/util/regex/Pattern$LazyLoop
Event: 9.556 loading class java/util/regex/Pattern$LazyLoop done
Event: 11.124 Thread 0x0000026fdfd5b7f0 Thread added: 0x0000026fdfd5b7f0
Event: 11.227 Thread 0x0000026fdfd5b7f0 Thread exited: 0x0000026fdfd5b7f0


Dynamic libraries:
0x00007ff6293d0000 - 0x00007ff6293de000 	c:\Users\Jhonnatas Mendonça\.vscode\extensions\redhat.java-1.28.1-win32-x64\jre\17.0.10-win32-x86_64\bin\java.exe
0x00007ffe2f050000 - 0x00007ffe2f266000 	C:\WINDOWS\SYSTEM32\ntdll.dll
0x00007ffe2db00000 - 0x00007ffe2dbc4000 	C:\WINDOWS\System32\KERNEL32.DLL
0x00007ffe2c690000 - 0x00007ffe2ca36000 	C:\WINDOWS\System32\KERNELBASE.dll
0x00007ffe11de0000 - 0x00007ffe11dfb000 	c:\Users\Jhonnatas Mendonça\.vscode\extensions\redhat.java-1.28.1-win32-x64\jre\17.0.10-win32-x86_64\bin\VCRUNTIME140.dll
0x00007ffe2c400000 - 0x00007ffe2c511000 	C:\WINDOWS\System32\ucrtbase.dll
0x00007ffe24c20000 - 0x00007ffe24c37000 	c:\Users\Jhonnatas Mendonça\.vscode\extensions\redhat.java-1.28.1-win32-x64\jre\17.0.10-win32-x86_64\bin\jli.dll
0x00007ffe2dfd0000 - 0x00007ffe2e17d000 	C:\WINDOWS\System32\USER32.dll
0x00007ffe19410000 - 0x00007ffe196a3000 	C:\WINDOWS\WinSxS\amd64_microsoft.windows.common-controls_6595b64144ccf1df_6.0.22621.3235_none_270f74e173860f98\COMCTL32.dll
0x00007ffe2dd20000 - 0x00007ffe2ddc7000 	C:\WINDOWS\System32\msvcrt.dll
0x00007ffe2cc80000 - 0x00007ffe2cca6000 	C:\WINDOWS\System32\win32u.dll
0x00007ffe2ee90000 - 0x00007ffe2eeb9000 	C:\WINDOWS\System32\GDI32.dll
0x00007ffe2cb60000 - 0x00007ffe2cc78000 	C:\WINDOWS\System32\gdi32full.dll
0x00007ffe2cac0000 - 0x00007ffe2cb5a000 	C:\WINDOWS\System32\msvcp_win.dll
0x00007ffe2e190000 - 0x00007ffe2e1c1000 	C:\WINDOWS\System32\IMM32.DLL
0x00007ffe21960000 - 0x00007ffe2196c000 	c:\Users\Jhonnatas Mendonça\.vscode\extensions\redhat.java-1.28.1-win32-x64\jre\17.0.10-win32-x86_64\bin\vcruntime140_1.dll
0x00007ffdfa0b0000 - 0x00007ffdfa13d000 	c:\Users\Jhonnatas Mendonça\.vscode\extensions\redhat.java-1.28.1-win32-x64\jre\17.0.10-win32-x86_64\bin\msvcp140.dll
0x00007ffdcd8f0000 - 0x00007ffdce552000 	c:\Users\Jhonnatas Mendonça\.vscode\extensions\redhat.java-1.28.1-win32-x64\jre\17.0.10-win32-x86_64\bin\server\jvm.dll
0x00007ffe2dbd0000 - 0x00007ffe2dc82000 	C:\WINDOWS\System32\ADVAPI32.dll
0x00007ffe2e1d0000 - 0x00007ffe2e278000 	C:\WINDOWS\System32\sechost.dll
0x00007ffe2ccb0000 - 0x00007ffe2ccd8000 	C:\WINDOWS\System32\bcrypt.dll
0x00007ffe2d9e0000 - 0x00007ffe2daf5000 	C:\WINDOWS\System32\RPCRT4.dll
0x00007ffe19400000 - 0x00007ffe19409000 	C:\WINDOWS\SYSTEM32\WSOCK32.dll
0x00007ffe2c260000 - 0x00007ffe2c2ad000 	C:\WINDOWS\SYSTEM32\POWRPROF.dll
0x00007ffe2e750000 - 0x00007ffe2e7c1000 	C:\WINDOWS\System32\WS2_32.dll
0x00007ffe26bc0000 - 0x00007ffe26bca000 	C:\WINDOWS\SYSTEM32\VERSION.dll
0x00007ffe26db0000 - 0x00007ffe26de4000 	C:\WINDOWS\SYSTEM32\WINMM.dll
0x00007ffe2c240000 - 0x00007ffe2c253000 	C:\WINDOWS\SYSTEM32\UMPDC.dll
0x00007ffe2b3d0000 - 0x00007ffe2b3e8000 	C:\WINDOWS\SYSTEM32\kernel.appcore.dll
0x00007ffe20b40000 - 0x00007ffe20b4a000 	c:\Users\Jhonnatas Mendonça\.vscode\extensions\redhat.java-1.28.1-win32-x64\jre\17.0.10-win32-x86_64\bin\jimage.dll
0x00007ffe25a90000 - 0x00007ffe25cc3000 	C:\WINDOWS\SYSTEM32\DBGHELP.DLL
0x00007ffe2e3c0000 - 0x00007ffe2e748000 	C:\WINDOWS\System32\combase.dll
0x00007ffe2de80000 - 0x00007ffe2df57000 	C:\WINDOWS\System32\OLEAUT32.dll
0x00007ffe25950000 - 0x00007ffe25982000 	C:\WINDOWS\SYSTEM32\dbgcore.DLL
0x00007ffe2ca40000 - 0x00007ffe2caba000 	C:\WINDOWS\System32\bcryptPrimitives.dll
0x00007ffdffee0000 - 0x00007ffdfff05000 	c:\Users\Jhonnatas Mendonça\.vscode\extensions\redhat.java-1.28.1-win32-x64\jre\17.0.10-win32-x86_64\bin\java.dll
0x00007ffe022f0000 - 0x00007ffe02308000 	c:\Users\Jhonnatas Mendonça\.vscode\extensions\redhat.java-1.28.1-win32-x64\jre\17.0.10-win32-x86_64\bin\zip.dll
0x00007ffe2ce00000 - 0x00007ffe2d65c000 	C:\WINDOWS\System32\SHELL32.dll
0x00007ffe2a2e0000 - 0x00007ffe2abd8000 	C:\WINDOWS\SYSTEM32\windows.storage.dll
0x00007ffe2a1a0000 - 0x00007ffe2a2de000 	C:\WINDOWS\SYSTEM32\wintypes.dll
0x00007ffe2ef10000 - 0x00007ffe2f003000 	C:\WINDOWS\System32\SHCORE.dll
0x00007ffe2df70000 - 0x00007ffe2dfce000 	C:\WINDOWS\System32\shlwapi.dll
0x00007ffe2c2c0000 - 0x00007ffe2c2e6000 	C:\WINDOWS\SYSTEM32\profapi.dll
0x00007ffe020a0000 - 0x00007ffe020b9000 	C:\Users\Jhonnatas Mendonça\.vscode\extensions\redhat.java-1.28.1-win32-x64\jre\17.0.10-win32-x86_64\bin\net.dll
0x00007ffe26830000 - 0x00007ffe26967000 	C:\WINDOWS\SYSTEM32\WINHTTP.dll
0x00007ffe2b850000 - 0x00007ffe2b8b9000 	C:\WINDOWS\system32\mswsock.dll
0x00007ffdfcff0000 - 0x00007ffdfd006000 	C:\Users\Jhonnatas Mendonça\.vscode\extensions\redhat.java-1.28.1-win32-x64\jre\17.0.10-win32-x86_64\bin\nio.dll
0x00007ffe1b400000 - 0x00007ffe1b410000 	c:\Users\Jhonnatas Mendonça\.vscode\extensions\redhat.java-1.28.1-win32-x64\jre\17.0.10-win32-x86_64\bin\verify.dll

dbghelp: loaded successfully - version: 4.0.5 - missing functions: none
symbol engine: initialized successfully - sym options: 0x614 - pdb path: .;c:\Users\Jhonnatas Mendonça\.vscode\extensions\redhat.java-1.28.1-win32-x64\jre\17.0.10-win32-x86_64\bin;C:\WINDOWS\SYSTEM32;C:\WINDOWS\WinSxS\amd64_microsoft.windows.common-controls_6595b64144ccf1df_6.0.22621.3235_none_270f74e173860f98;c:\Users\Jhonnatas Mendonça\.vscode\extensions\redhat.java-1.28.1-win32-x64\jre\17.0.10-win32-x86_64\bin\server

VM Arguments:
jvm_args: -XX:+HeapDumpOnOutOfMemoryError -Xmx1024m -Dsts.lsp.client=vscode -Dsts.log.file=/dev/null -XX:TieredStopAtLevel=1 -Xlog:jni+resolve=off -Dspring.config.location=file:c:\Users\Jhonnatas Mendonça\.vscode\extensions\vmware.vscode-spring-boot-1.53.0\language-server\BOOT-INF\classes\application.properties 
java_command: org.springframework.ide.vscode.boot.app.BootLanguageServerBootApp
java_class_path (initial): c:\Users\Jhonnatas Mendonça\.vscode\extensions\vmware.vscode-spring-boot-1.53.0\language-server\BOOT-INF\classes;c:\Users\Jhonnatas Mendonça\.vscode\extensions\vmware.vscode-spring-boot-1.53.0\language-server\BOOT-INF\lib\annotations-24.1.0.jar;c:\Users\Jhonnatas Mendonça\.vscode\extensions\vmware.vscode-spring-boot-1.53.0\language-server\BOOT-INF\lib\antlr4-runtime-4.11.1.jar;c:\Users\Jhonnatas Mendonça\.vscode\extensions\vmware.vscode-spring-boot-1.53.0\language-server\BOOT-INF\lib\asm-9.6.jar;c:\Users\Jhonnatas Mendonça\.vscode\extensions\vmware.vscode-spring-boot-1.53.0\language-server\BOOT-INF\lib\asm-analysis-9.6.jar;c:\Users\Jhonnatas Mendonça\.vscode\extensions\vmware.vscode-spring-boot-1.53.0\language-server\BOOT-INF\lib\asm-tree-9.6.jar;c:\Users\Jhonnatas Mendonça\.vscode\extensions\vmware.vscode-spring-boot-1.53.0\language-server\BOOT-INF\lib\asm-util-9.6.jar;c:\Users\Jhonnatas Mendonça\.vscode\extensions\vmware.vscode-spring-boot-1.53.0\language-server\BOOT-INF\lib\caffeine-3.1.8.jar;c:\Users\Jhonnatas Mendonça\.vscode\extensions\vmware.vscode-spring-boot-1.53.0\language-server\BOOT-INF\lib\checker-qual-3.12.0.jar;c:\Users\Jhonnatas Mendonça\.vscode\extensions\vmware.vscode-spring-boot-1.53.0\language-server\BOOT-INF\lib\classgraph-4.8.149.jar;c:\Users\Jhonnatas Mendonça\.vscode\extensions\vmware.vscode-spring-boot-1.53.0\language-server\BOOT-INF\lib\commons-codec-1.16.1.jar;c:\Users\Jhonnatas Mendonça\.vscode\extensions\vmware.vscode-spring-boot-1.53.0\language-server\BOOT-INF\lib\commons-compress-1.26.0.jar;c:\Users\Jhonnatas Mendonça\.vscode\extensions\vmware.vscode-spring-boot-1.53.0\language-server\BOOT-INF\lib\commons-io-2.4.jar;c:\Users\Jhonnatas Mendonça\.vscode\extensions\vmware.vscode-spring-boot-1.53.0\language-server\BOOT-INF\lib\commons-java-1.53.0-SNAPSHOT.jar;c:\Users\Jhonnatas Mendonça\.vscode\extensions\vmware.vscode-spring-boot-1.53.0\language-server\BOOT-INF\lib\commons-lang3-3.13.0.jar;c:\Users\Jhonnatas M
Launcher Type: SUN_STANDARD

[Global flags]
     intx CICompilerCount                          = 3                                         {product} {ergonomic}
     uint ConcGCThreads                            = 1                                         {product} {ergonomic}
     uint G1ConcRefinementThreads                  = 4                                         {product} {ergonomic}
   size_t G1HeapRegionSize                         = 1048576                                   {product} {ergonomic}
    uintx GCDrainStackTargetSize                   = 64                                        {product} {ergonomic}
     bool HeapDumpOnOutOfMemoryError               = true                                   {manageable} {command line}
   size_t InitialHeapSize                          = 134217728                                 {product} {ergonomic}
   size_t MarkStackSize                            = 4194304                                   {product} {ergonomic}
   size_t MaxHeapSize                              = 1073741824                                {product} {command line}
   size_t MaxNewSize                               = 643825664                                 {product} {ergonomic}
   size_t MinHeapDeltaBytes                        = 1048576                                   {product} {ergonomic}
   size_t MinHeapSize                              = 8388608                                   {product} {ergonomic}
    uintx NonProfiledCodeHeapSize                  = 0                                      {pd product} {ergonomic}
     bool ProfileInterpreter                       = false                                  {pd product} {command line}
    uintx ProfiledCodeHeapSize                     = 0                                      {pd product} {ergonomic}
   size_t SoftMaxHeapSize                          = 1073741824                             {manageable} {ergonomic}
     intx TieredStopAtLevel                        = 1                                         {product} {command line}
     bool UseCompressedClassPointers               = true                           {product lp64_product} {ergonomic}
     bool UseCompressedOops                        = true                           {product lp64_product} {ergonomic}
     bool UseG1GC                                  = true                                      {product} {ergonomic}
     bool UseLargePagesIndividualAllocation        = false                                  {pd product} {ergonomic}

Logging:
Log output configuration:
 #0: stdout all=warning,jni+resolve=off uptime,level,tags
 #1: stderr all=off uptime,level,tags

Environment Variables:
PATH=C:\Program Files\Eclipse Adoptium\jdk-17.0.2.8-hotspot\bin;C:\WINDOWS\system32;C:\WINDOWS;C:\WINDOWS\System32\Wbem;C:\WINDOWS\System32\WindowsPowerShell\v1.0\;C:\WINDOWS\System32\OpenSSH\;C:\Program Files\Git\cmd;C:\Program Files\nodejs\;C:\Program Files (x86)\PuTTY\;C:\Users\Jhonnatas Mendonça\AppData\Local\Microsoft\WindowsApps;;C:\Users\Jhonnatas Mendonça\AppData\Roaming\npm;C:\Users\Jhonnatas Mendonça\AppData\Local\Programs\Microsoft VS Code\bin
USERNAME=Jhonnatas Mendonça
OS=Windows_NT
PROCESSOR_IDENTIFIER=Intel64 Family 6 Model 142 Stepping 9, GenuineIntel
TMP=C:\Users\JHONNA~1\AppData\Local\Temp
TEMP=C:\Users\JHONNA~1\AppData\Local\Temp



Periodic native trim disabled


---------------  S Y S T E M  ---------------

OS:
 Windows 11 , 64 bit Build 22621 (10.0.22621.3235)
OS uptime: 8 days 4:51 hours
Hyper-V role detected

CPU: total 4 (initial active 4) (2 cores per cpu, 2 threads per core) family 6 model 142 stepping 9 microcode 0xde, cx8, cmov, fxsr, ht, mmx, 3dnowpref, sse, sse2, sse3, ssse3, sse4.1, sse4.2, popcnt, lzcnt, tsc, tscinvbit, avx, avx2, aes, erms, clmul, bmi1, bmi2, adx, fma, vzeroupper, clflush, clflushopt, hv
Processor Information for all 4 processors :
  Max Mhz: 2304, Current Mhz: 2304, Mhz Limit: 2304

Memory: 4k page, system-wide physical 8067M (2636M free)
TotalPageFile size 10883M (AvailPageFile size 5129M)
current process WorkingSet (physical memory assigned to process): 139M, peak: 139M
current process commit charge ("private bytes"): 178M, peak: 224M

vm_info: OpenJDK 64-Bit Server VM (17.0.10+7) for windows-amd64 JRE (17.0.10+7), built on Jan 16 2024 23:25:11 by "admin" with MS VC++ 16.10 / 16.11 (VS2019)

END.
